<?xml version="1.0" encoding="UTF-8"?>
<testsuite xmlns:xsi="http://www.w3.org/2001/XMLSchema-instance" xsi:noNamespaceSchemaLocation="https://maven.apache.org/surefire/maven-surefire-plugin/xsd/surefire-test-report-3.0.xsd" version="3.0" name="org.example.repository.UserRepositoryTest" time="2.941" tests="3" errors="0" skipped="0" failures="0">
  <properties>
[...]
</properties>
  <testcase name="getAll" classname="org.example.repository.UserRepositoryTest" time="2.613">
    <system-out><![CDATA[Hibernate: 
    select
        u1_0.id,
        case 
            when u1_3.id is not null 
                then 3 
            when u1_2.id is not null 
                then 4 
            when u1_6.id is not null 
                then 1 
            when u1_1.id is not null 
                then 2 
            when u1_4.id is not null 
                then 5 
            when u1_5.id is not null 
                then 6 
            end,
            u1_0.address,
            u1_0.email,
            u1_0.fullName,
            u1_0.password,
            u1_0.phone,
            u1_0.username,
            u1_1.id,
            u1_2.policyHolder_id,
            u1_3.id,
            u1_3.policyOwner_id,
            u1_4.fee,
            u1_4.id,
            u1_5.id,
            u1_6.manager_id,
            u1_6.id 
        from
            users u1_0 
        left join
            Beneficiary u1_1 
                on u1_0.id=u1_1.id 
        left join
            Dependant u1_2 
                on u1_0.id=u1_2.id 
        left join
            PolicyHolder u1_3 
                on u1_0.id=u1_3.id 
        left join
            PolicyOwner u1_4 
                on u1_0.id=u1_4.id 
        left join
            InsuranceManager u1_5 
                on u1_0.id=u1_5.id 
        left join
            InsuranceSurveyor u1_6 
                on u1_0.id=u1_6.id
Hibernate: 
    select
        ic1_0.cardNumber,
        ch1_0.id,
        case 
            when ch1_1.id is not null 
                then 3 
            when ch1_2.id is not null 
                then 4 
            when ch1_0.id is not null 
                then 2 
            when po2_0.id is not null 
                then 5 
            end,
            ch1_3.address,
            ch1_3.email,
            ch1_3.fullName,
            ch1_3.password,
            ch1_3.phone,
            ch1_3.username,
            ph1_0.id,
            ph1_1.address,
            ph1_1.email,
            ph1_1.fullName,
            ph1_1.password,
            ph1_1.phone,
            ph1_1.username,
            ph1_2.id,
            po1_0.id,
            po1_1.address,
            po1_1.email,
            po1_1.fullName,
            po1_1.password,
            po1_1.phone,
            po1_1.username,
            po1_0.fee,
            ch1_1.id,
            po2_0.id,
            po2_1.address,
            po2_1.email,
            po2_1.fullName,
            po2_1.password,
            po2_1.phone,
            po2_1.username,
            po2_0.fee,
            ic1_0.expireDate,
            po3_0.id,
            po3_1.address,
            po3_1.email,
            po3_1.fullName,
            po3_1.password,
            po3_1.phone,
            po3_1.username,
            po3_0.fee 
        from
            InsuranceCard ic1_0 
        left join
            (Beneficiary ch1_0 
        left join
            PolicyHolder ch1_1 
                on ch1_0.id=ch1_1.id 
        left join
            Dependant ch1_2 
                on ch1_0.id=ch1_2.id 
        join
            users ch1_3 
                on ch1_0.id=ch1_3.id) 
            on ch1_0.id=ic1_0.cardHolder_id 
        left join
            (PolicyHolder ph1_0 
        join
            users ph1_1 
                on ph1_0.id=ph1_1.id 
        join
            Beneficiary ph1_2 
                on ph1_0.id=ph1_2.id) 
            on ph1_0.id=ch1_2.policyHolder_id 
        left join
            (PolicyOwner po1_0 
        join
            users po1_1 
                on po1_0.id=po1_1.id) 
            on po1_0.id=ph1_0.policyOwner_id 
        left join
            (PolicyOwner po2_0 
        join
            users po2_1 
                on po2_0.id=po2_1.id) 
            on po2_0.id=ch1_1.policyOwner_id 
        left join
            (PolicyOwner po3_0 
        join
            users po3_1 
                on po3_0.id=po3_1.id) 
            on po3_0.id=ic1_0.policyOwner_id 
        where
            ic1_0.cardHolder_id=?
Hibernate: 
    select
        ic1_0.cardNumber,
        ch1_0.id,
        case 
            when ch1_1.id is not null 
                then 3 
            when ch1_2.id is not null 
                then 4 
            when ch1_0.id is not null 
                then 2 
            when po2_0.id is not null 
                then 5 
            end,
            ch1_3.address,
            ch1_3.email,
            ch1_3.fullName,
            ch1_3.password,
            ch1_3.phone,
            ch1_3.username,
            ph1_0.id,
            ph1_1.address,
            ph1_1.email,
            ph1_1.fullName,
            ph1_1.password,
            ph1_1.phone,
            ph1_1.username,
            ph1_2.id,
            po1_0.id,
            po1_1.address,
            po1_1.email,
            po1_1.fullName,
            po1_1.password,
            po1_1.phone,
            po1_1.username,
            po1_0.fee,
            ch1_1.id,
            po2_0.id,
            po2_1.address,
            po2_1.email,
            po2_1.fullName,
            po2_1.password,
            po2_1.phone,
            po2_1.username,
            po2_0.fee,
            ic1_0.expireDate,
            po3_0.id,
            po3_1.address,
            po3_1.email,
            po3_1.fullName,
            po3_1.password,
            po3_1.phone,
            po3_1.username,
            po3_0.fee 
        from
            InsuranceCard ic1_0 
        left join
            (Beneficiary ch1_0 
        left join
            PolicyHolder ch1_1 
                on ch1_0.id=ch1_1.id 
        left join
            Dependant ch1_2 
                on ch1_0.id=ch1_2.id 
        join
            users ch1_3 
                on ch1_0.id=ch1_3.id) 
            on ch1_0.id=ic1_0.cardHolder_id 
        left join
            (PolicyHolder ph1_0 
        join
            users ph1_1 
                on ph1_0.id=ph1_1.id 
        join
            Beneficiary ph1_2 
                on ph1_0.id=ph1_2.id) 
            on ph1_0.id=ch1_2.policyHolder_id 
        left join
            (PolicyOwner po1_0 
        join
            users po1_1 
                on po1_0.id=po1_1.id) 
            on po1_0.id=ph1_0.policyOwner_id 
        left join
            (PolicyOwner po2_0 
        join
            users po2_1 
                on po2_0.id=po2_1.id) 
            on po2_0.id=ch1_1.policyOwner_id 
        left join
            (PolicyOwner po3_0 
        join
            users po3_1 
                on po3_0.id=po3_1.id) 
            on po3_0.id=ic1_0.policyOwner_id 
        where
            ic1_0.cardHolder_id=?
Hibernate: 
    select
        ic1_0.cardNumber,
        ch1_0.id,
        case 
            when ch1_1.id is not null 
                then 3 
            when ch1_2.id is not null 
                then 4 
            when ch1_0.id is not null 
                then 2 
            when po2_0.id is not null 
                then 5 
            end,
            ch1_3.address,
            ch1_3.email,
            ch1_3.fullName,
            ch1_3.password,
            ch1_3.phone,
            ch1_3.username,
            ph1_0.id,
            ph1_1.address,
            ph1_1.email,
            ph1_1.fullName,
            ph1_1.password,
            ph1_1.phone,
            ph1_1.username,
            ph1_2.id,
            po1_0.id,
            po1_1.address,
            po1_1.email,
            po1_1.fullName,
            po1_1.password,
            po1_1.phone,
            po1_1.username,
            po1_0.fee,
            ch1_1.id,
            po2_0.id,
            po2_1.address,
            po2_1.email,
            po2_1.fullName,
            po2_1.password,
            po2_1.phone,
            po2_1.username,
            po2_0.fee,
            ic1_0.expireDate,
            po3_0.id,
            po3_1.address,
            po3_1.email,
            po3_1.fullName,
            po3_1.password,
            po3_1.phone,
            po3_1.username,
            po3_0.fee 
        from
            InsuranceCard ic1_0 
        left join
            (Beneficiary ch1_0 
        left join
            PolicyHolder ch1_1 
                on ch1_0.id=ch1_1.id 
        left join
            Dependant ch1_2 
                on ch1_0.id=ch1_2.id 
        join
            users ch1_3 
                on ch1_0.id=ch1_3.id) 
            on ch1_0.id=ic1_0.cardHolder_id 
        left join
            (PolicyHolder ph1_0 
        join
            users ph1_1 
                on ph1_0.id=ph1_1.id 
        join
            Beneficiary ph1_2 
                on ph1_0.id=ph1_2.id) 
            on ph1_0.id=ch1_2.policyHolder_id 
        left join
            (PolicyOwner po1_0 
        join
            users po1_1 
                on po1_0.id=po1_1.id) 
            on po1_0.id=ph1_0.policyOwner_id 
        left join
            (PolicyOwner po2_0 
        join
            users po2_1 
                on po2_0.id=po2_1.id) 
            on po2_0.id=ch1_1.policyOwner_id 
        left join
            (PolicyOwner po3_0 
        join
            users po3_1 
                on po3_0.id=po3_1.id) 
            on po3_0.id=ic1_0.policyOwner_id 
        where
            ic1_0.cardHolder_id=?
Hibernate: 
    select
        ic1_0.cardNumber,
        ch1_0.id,
        case 
            when ch1_1.id is not null 
                then 3 
            when ch1_2.id is not null 
                then 4 
            when ch1_0.id is not null 
                then 2 
            when po2_0.id is not null 
                then 5 
            end,
            ch1_3.address,
            ch1_3.email,
            ch1_3.fullName,
            ch1_3.password,
            ch1_3.phone,
            ch1_3.username,
            ph1_0.id,
            ph1_1.address,
            ph1_1.email,
            ph1_1.fullName,
            ph1_1.password,
            ph1_1.phone,
            ph1_1.username,
            ph1_2.id,
            po1_0.id,
            po1_1.address,
            po1_1.email,
            po1_1.fullName,
            po1_1.password,
            po1_1.phone,
            po1_1.username,
            po1_0.fee,
            ch1_1.id,
            po2_0.id,
            po2_1.address,
            po2_1.email,
            po2_1.fullName,
            po2_1.password,
            po2_1.phone,
            po2_1.username,
            po2_0.fee,
            ic1_0.expireDate,
            po3_0.id,
            po3_1.address,
            po3_1.email,
            po3_1.fullName,
            po3_1.password,
            po3_1.phone,
            po3_1.username,
            po3_0.fee 
        from
            InsuranceCard ic1_0 
        left join
            (Beneficiary ch1_0 
        left join
            PolicyHolder ch1_1 
                on ch1_0.id=ch1_1.id 
        left join
            Dependant ch1_2 
                on ch1_0.id=ch1_2.id 
        join
            users ch1_3 
                on ch1_0.id=ch1_3.id) 
            on ch1_0.id=ic1_0.cardHolder_id 
        left join
            (PolicyHolder ph1_0 
        join
            users ph1_1 
                on ph1_0.id=ph1_1.id 
        join
            Beneficiary ph1_2 
                on ph1_0.id=ph1_2.id) 
            on ph1_0.id=ch1_2.policyHolder_id 
        left join
            (PolicyOwner po1_0 
        join
            users po1_1 
                on po1_0.id=po1_1.id) 
            on po1_0.id=ph1_0.policyOwner_id 
        left join
            (PolicyOwner po2_0 
        join
            users po2_1 
                on po2_0.id=po2_1.id) 
            on po2_0.id=ch1_1.policyOwner_id 
        left join
            (PolicyOwner po3_0 
        join
            users po3_1 
                on po3_0.id=po3_1.id) 
            on po3_0.id=ic1_0.policyOwner_id 
        where
            ic1_0.cardHolder_id=?
Hibernate: 
    select
        ic1_0.cardNumber,
        ch1_0.id,
        case 
            when ch1_1.id is not null 
                then 3 
            when ch1_2.id is not null 
                then 4 
            when ch1_0.id is not null 
                then 2 
            when po2_0.id is not null 
                then 5 
            end,
            ch1_3.address,
            ch1_3.email,
            ch1_3.fullName,
            ch1_3.password,
            ch1_3.phone,
            ch1_3.username,
            ph1_0.id,
            ph1_1.address,
            ph1_1.email,
            ph1_1.fullName,
            ph1_1.password,
            ph1_1.phone,
            ph1_1.username,
            ph1_2.id,
            po1_0.id,
            po1_1.address,
            po1_1.email,
            po1_1.fullName,
            po1_1.password,
            po1_1.phone,
            po1_1.username,
            po1_0.fee,
            ch1_1.id,
            po2_0.id,
            po2_1.address,
            po2_1.email,
            po2_1.fullName,
            po2_1.password,
            po2_1.phone,
            po2_1.username,
            po2_0.fee,
            ic1_0.expireDate,
            po3_0.id,
            po3_1.address,
            po3_1.email,
            po3_1.fullName,
            po3_1.password,
            po3_1.phone,
            po3_1.username,
            po3_0.fee 
        from
            InsuranceCard ic1_0 
        left join
            (Beneficiary ch1_0 
        left join
            PolicyHolder ch1_1 
                on ch1_0.id=ch1_1.id 
        left join
            Dependant ch1_2 
                on ch1_0.id=ch1_2.id 
        join
            users ch1_3 
                on ch1_0.id=ch1_3.id) 
            on ch1_0.id=ic1_0.cardHolder_id 
        left join
            (PolicyHolder ph1_0 
        join
            users ph1_1 
                on ph1_0.id=ph1_1.id 
        join
            Beneficiary ph1_2 
                on ph1_0.id=ph1_2.id) 
            on ph1_0.id=ch1_2.policyHolder_id 
        left join
            (PolicyOwner po1_0 
        join
            users po1_1 
                on po1_0.id=po1_1.id) 
            on po1_0.id=ph1_0.policyOwner_id 
        left join
            (PolicyOwner po2_0 
        join
            users po2_1 
                on po2_0.id=po2_1.id) 
            on po2_0.id=ch1_1.policyOwner_id 
        left join
            (PolicyOwner po3_0 
        join
            users po3_1 
                on po3_0.id=po3_1.id) 
            on po3_0.id=ic1_0.policyOwner_id 
        where
            ic1_0.cardHolder_id=?
Hibernate: 
    select
        ic1_0.cardNumber,
        ch1_0.id,
        case 
            when ch1_1.id is not null 
                then 3 
            when ch1_2.id is not null 
                then 4 
            when ch1_0.id is not null 
                then 2 
            when po2_0.id is not null 
                then 5 
            end,
            ch1_3.address,
            ch1_3.email,
            ch1_3.fullName,
            ch1_3.password,
            ch1_3.phone,
            ch1_3.username,
            ph1_0.id,
            ph1_1.address,
            ph1_1.email,
            ph1_1.fullName,
            ph1_1.password,
            ph1_1.phone,
            ph1_1.username,
            ph1_2.id,
            po1_0.id,
            po1_1.address,
            po1_1.email,
            po1_1.fullName,
            po1_1.password,
            po1_1.phone,
            po1_1.username,
            po1_0.fee,
            ch1_1.id,
            po2_0.id,
            po2_1.address,
            po2_1.email,
            po2_1.fullName,
            po2_1.password,
            po2_1.phone,
            po2_1.username,
            po2_0.fee,
            ic1_0.expireDate,
            po3_0.id,
            po3_1.address,
            po3_1.email,
            po3_1.fullName,
            po3_1.password,
            po3_1.phone,
            po3_1.username,
            po3_0.fee 
        from
            InsuranceCard ic1_0 
        left join
            (Beneficiary ch1_0 
        left join
            PolicyHolder ch1_1 
                on ch1_0.id=ch1_1.id 
        left join
            Dependant ch1_2 
                on ch1_0.id=ch1_2.id 
        join
            users ch1_3 
                on ch1_0.id=ch1_3.id) 
            on ch1_0.id=ic1_0.cardHolder_id 
        left join
            (PolicyHolder ph1_0 
        join
            users ph1_1 
                on ph1_0.id=ph1_1.id 
        join
            Beneficiary ph1_2 
                on ph1_0.id=ph1_2.id) 
            on ph1_0.id=ch1_2.policyHolder_id 
        left join
            (PolicyOwner po1_0 
        join
            users po1_1 
                on po1_0.id=po1_1.id) 
            on po1_0.id=ph1_0.policyOwner_id 
        left join
            (PolicyOwner po2_0 
        join
            users po2_1 
                on po2_0.id=po2_1.id) 
            on po2_0.id=ch1_1.policyOwner_id 
        left join
            (PolicyOwner po3_0 
        join
            users po3_1 
                on po3_0.id=po3_1.id) 
            on po3_0.id=ic1_0.policyOwner_id 
        where
            ic1_0.cardHolder_id=?
Hibernate: 
    select
        ic1_0.cardNumber,
        ch1_0.id,
        case 
            when ch1_1.id is not null 
                then 3 
            when ch1_2.id is not null 
                then 4 
            when ch1_0.id is not null 
                then 2 
            when po2_0.id is not null 
                then 5 
            end,
            ch1_3.address,
            ch1_3.email,
            ch1_3.fullName,
            ch1_3.password,
            ch1_3.phone,
            ch1_3.username,
            ph1_0.id,
            ph1_1.address,
            ph1_1.email,
            ph1_1.fullName,
            ph1_1.password,
            ph1_1.phone,
            ph1_1.username,
            ph1_2.id,
            po1_0.id,
            po1_1.address,
            po1_1.email,
            po1_1.fullName,
            po1_1.password,
            po1_1.phone,
            po1_1.username,
            po1_0.fee,
            ch1_1.id,
            po2_0.id,
            po2_1.address,
            po2_1.email,
            po2_1.fullName,
            po2_1.password,
            po2_1.phone,
            po2_1.username,
            po2_0.fee,
            ic1_0.expireDate,
            po3_0.id,
            po3_1.address,
            po3_1.email,
            po3_1.fullName,
            po3_1.password,
            po3_1.phone,
            po3_1.username,
            po3_0.fee 
        from
            InsuranceCard ic1_0 
        left join
            (Beneficiary ch1_0 
        left join
            PolicyHolder ch1_1 
                on ch1_0.id=ch1_1.id 
        left join
            Dependant ch1_2 
                on ch1_0.id=ch1_2.id 
        join
            users ch1_3 
                on ch1_0.id=ch1_3.id) 
            on ch1_0.id=ic1_0.cardHolder_id 
        left join
            (PolicyHolder ph1_0 
        join
            users ph1_1 
                on ph1_0.id=ph1_1.id 
        join
            Beneficiary ph1_2 
                on ph1_0.id=ph1_2.id) 
            on ph1_0.id=ch1_2.policyHolder_id 
        left join
            (PolicyOwner po1_0 
        join
            users po1_1 
                on po1_0.id=po1_1.id) 
            on po1_0.id=ph1_0.policyOwner_id 
        left join
            (PolicyOwner po2_0 
        join
            users po2_1 
                on po2_0.id=po2_1.id) 
            on po2_0.id=ch1_1.policyOwner_id 
        left join
            (PolicyOwner po3_0 
        join
            users po3_1 
                on po3_0.id=po3_1.id) 
            on po3_0.id=ic1_0.policyOwner_id 
        where
            ic1_0.cardHolder_id=?
Hibernate: 
    select
        ic1_0.cardNumber,
        ch1_0.id,
        case 
            when ch1_1.id is not null 
                then 3 
            when ch1_2.id is not null 
                then 4 
            when ch1_0.id is not null 
                then 2 
            when po2_0.id is not null 
                then 5 
            end,
            ch1_3.address,
            ch1_3.email,
            ch1_3.fullName,
            ch1_3.password,
            ch1_3.phone,
            ch1_3.username,
            ph1_0.id,
            ph1_1.address,
            ph1_1.email,
            ph1_1.fullName,
            ph1_1.password,
            ph1_1.phone,
            ph1_1.username,
            ph1_2.id,
            po1_0.id,
            po1_1.address,
            po1_1.email,
            po1_1.fullName,
            po1_1.password,
            po1_1.phone,
            po1_1.username,
            po1_0.fee,
            ch1_1.id,
            po2_0.id,
            po2_1.address,
            po2_1.email,
            po2_1.fullName,
            po2_1.password,
            po2_1.phone,
            po2_1.username,
            po2_0.fee,
            ic1_0.expireDate,
            po3_0.id,
            po3_1.address,
            po3_1.email,
            po3_1.fullName,
            po3_1.password,
            po3_1.phone,
            po3_1.username,
            po3_0.fee 
        from
            InsuranceCard ic1_0 
        left join
            (Beneficiary ch1_0 
        left join
            PolicyHolder ch1_1 
                on ch1_0.id=ch1_1.id 
        left join
            Dependant ch1_2 
                on ch1_0.id=ch1_2.id 
        join
            users ch1_3 
                on ch1_0.id=ch1_3.id) 
            on ch1_0.id=ic1_0.cardHolder_id 
        left join
            (PolicyHolder ph1_0 
        join
            users ph1_1 
                on ph1_0.id=ph1_1.id 
        join
            Beneficiary ph1_2 
                on ph1_0.id=ph1_2.id) 
            on ph1_0.id=ch1_2.policyHolder_id 
        left join
            (PolicyOwner po1_0 
        join
            users po1_1 
                on po1_0.id=po1_1.id) 
            on po1_0.id=ph1_0.policyOwner_id 
        left join
            (PolicyOwner po2_0 
        join
            users po2_1 
                on po2_0.id=po2_1.id) 
            on po2_0.id=ch1_1.policyOwner_id 
        left join
            (PolicyOwner po3_0 
        join
            users po3_1 
                on po3_0.id=po3_1.id) 
            on po3_0.id=ic1_0.policyOwner_id 
        where
            ic1_0.cardHolder_id=?
Hibernate: 
    select
        ic1_0.cardNumber,
        ch1_0.id,
        case 
            when ch1_1.id is not null 
                then 3 
            when ch1_2.id is not null 
                then 4 
            when ch1_0.id is not null 
                then 2 
            when po2_0.id is not null 
                then 5 
            end,
            ch1_3.address,
            ch1_3.email,
            ch1_3.fullName,
            ch1_3.password,
            ch1_3.phone,
            ch1_3.username,
            ph1_0.id,
            ph1_1.address,
            ph1_1.email,
            ph1_1.fullName,
            ph1_1.password,
            ph1_1.phone,
            ph1_1.username,
            ph1_2.id,
            po1_0.id,
            po1_1.address,
            po1_1.email,
            po1_1.fullName,
            po1_1.password,
            po1_1.phone,
            po1_1.username,
            po1_0.fee,
            ch1_1.id,
            po2_0.id,
            po2_1.address,
            po2_1.email,
            po2_1.fullName,
            po2_1.password,
            po2_1.phone,
            po2_1.username,
            po2_0.fee,
            ic1_0.expireDate,
            po3_0.id,
            po3_1.address,
            po3_1.email,
            po3_1.fullName,
            po3_1.password,
            po3_1.phone,
            po3_1.username,
            po3_0.fee 
        from
            InsuranceCard ic1_0 
        left join
            (Beneficiary ch1_0 
        left join
            PolicyHolder ch1_1 
                on ch1_0.id=ch1_1.id 
        left join
            Dependant ch1_2 
                on ch1_0.id=ch1_2.id 
        join
            users ch1_3 
                on ch1_0.id=ch1_3.id) 
            on ch1_0.id=ic1_0.cardHolder_id 
        left join
            (PolicyHolder ph1_0 
        join
            users ph1_1 
                on ph1_0.id=ph1_1.id 
        join
            Beneficiary ph1_2 
                on ph1_0.id=ph1_2.id) 
            on ph1_0.id=ch1_2.policyHolder_id 
        left join
            (PolicyOwner po1_0 
        join
            users po1_1 
                on po1_0.id=po1_1.id) 
            on po1_0.id=ph1_0.policyOwner_id 
        left join
            (PolicyOwner po2_0 
        join
            users po2_1 
                on po2_0.id=po2_1.id) 
            on po2_0.id=ch1_1.policyOwner_id 
        left join
            (PolicyOwner po3_0 
        join
            users po3_1 
                on po3_0.id=po3_1.id) 
            on po3_0.id=ic1_0.policyOwner_id 
        where
            ic1_0.cardHolder_id=?
Hibernate: 
    select
        ic1_0.cardNumber,
        ch1_0.id,
        case 
            when ch1_1.id is not null 
                then 3 
            when ch1_2.id is not null 
                then 4 
            when ch1_0.id is not null 
                then 2 
            when po2_0.id is not null 
                then 5 
            end,
            ch1_3.address,
            ch1_3.email,
            ch1_3.fullName,
            ch1_3.password,
            ch1_3.phone,
            ch1_3.username,
            ph1_0.id,
            ph1_1.address,
            ph1_1.email,
            ph1_1.fullName,
            ph1_1.password,
            ph1_1.phone,
            ph1_1.username,
            ph1_2.id,
            po1_0.id,
            po1_1.address,
            po1_1.email,
            po1_1.fullName,
            po1_1.password,
            po1_1.phone,
            po1_1.username,
            po1_0.fee,
            ch1_1.id,
            po2_0.id,
            po2_1.address,
            po2_1.email,
            po2_1.fullName,
            po2_1.password,
            po2_1.phone,
            po2_1.username,
            po2_0.fee,
            ic1_0.expireDate,
            po3_0.id,
            po3_1.address,
            po3_1.email,
            po3_1.fullName,
            po3_1.password,
            po3_1.phone,
            po3_1.username,
            po3_0.fee 
        from
            InsuranceCard ic1_0 
        left join
            (Beneficiary ch1_0 
        left join
            PolicyHolder ch1_1 
                on ch1_0.id=ch1_1.id 
        left join
            Dependant ch1_2 
                on ch1_0.id=ch1_2.id 
        join
            users ch1_3 
                on ch1_0.id=ch1_3.id) 
            on ch1_0.id=ic1_0.cardHolder_id 
        left join
            (PolicyHolder ph1_0 
        join
            users ph1_1 
                on ph1_0.id=ph1_1.id 
        join
            Beneficiary ph1_2 
                on ph1_0.id=ph1_2.id) 
            on ph1_0.id=ch1_2.policyHolder_id 
        left join
            (PolicyOwner po1_0 
        join
            users po1_1 
                on po1_0.id=po1_1.id) 
            on po1_0.id=ph1_0.policyOwner_id 
        left join
            (PolicyOwner po2_0 
        join
            users po2_1 
                on po2_0.id=po2_1.id) 
            on po2_0.id=ch1_1.policyOwner_id 
        left join
            (PolicyOwner po3_0 
        join
            users po3_1 
                on po3_0.id=po3_1.id) 
            on po3_0.id=ic1_0.policyOwner_id 
        where
            ic1_0.cardHolder_id=?
Hibernate: 
    select
        ic1_0.cardNumber,
        ch1_0.id,
        case 
            when ch1_1.id is not null 
                then 3 
            when ch1_2.id is not null 
                then 4 
            when ch1_0.id is not null 
                then 2 
            when po2_0.id is not null 
                then 5 
            end,
            ch1_3.address,
            ch1_3.email,
            ch1_3.fullName,
            ch1_3.password,
            ch1_3.phone,
            ch1_3.username,
            ph1_0.id,
            ph1_1.address,
            ph1_1.email,
            ph1_1.fullName,
            ph1_1.password,
            ph1_1.phone,
            ph1_1.username,
            ph1_2.id,
            po1_0.id,
            po1_1.address,
            po1_1.email,
            po1_1.fullName,
            po1_1.password,
            po1_1.phone,
            po1_1.username,
            po1_0.fee,
            ch1_1.id,
            po2_0.id,
            po2_1.address,
            po2_1.email,
            po2_1.fullName,
            po2_1.password,
            po2_1.phone,
            po2_1.username,
            po2_0.fee,
            ic1_0.expireDate,
            po3_0.id,
            po3_1.address,
            po3_1.email,
            po3_1.fullName,
            po3_1.password,
            po3_1.phone,
            po3_1.username,
            po3_0.fee 
        from
            InsuranceCard ic1_0 
        left join
            (Beneficiary ch1_0 
        left join
            PolicyHolder ch1_1 
                on ch1_0.id=ch1_1.id 
        left join
            Dependant ch1_2 
                on ch1_0.id=ch1_2.id 
        join
            users ch1_3 
                on ch1_0.id=ch1_3.id) 
            on ch1_0.id=ic1_0.cardHolder_id 
        left join
            (PolicyHolder ph1_0 
        join
            users ph1_1 
                on ph1_0.id=ph1_1.id 
        join
            Beneficiary ph1_2 
                on ph1_0.id=ph1_2.id) 
            on ph1_0.id=ch1_2.policyHolder_id 
        left join
            (PolicyOwner po1_0 
        join
            users po1_1 
                on po1_0.id=po1_1.id) 
            on po1_0.id=ph1_0.policyOwner_id 
        left join
            (PolicyOwner po2_0 
        join
            users po2_1 
                on po2_0.id=po2_1.id) 
            on po2_0.id=ch1_1.policyOwner_id 
        left join
            (PolicyOwner po3_0 
        join
            users po3_1 
                on po3_0.id=po3_1.id) 
            on po3_0.id=ic1_0.policyOwner_id 
        where
            ic1_0.cardHolder_id=?
Hibernate: 
    select
        ic1_0.cardNumber,
        ch1_0.id,
        case 
            when ch1_1.id is not null 
                then 3 
            when ch1_2.id is not null 
                then 4 
            when ch1_0.id is not null 
                then 2 
            when po2_0.id is not null 
                then 5 
            end,
            ch1_3.address,
            ch1_3.email,
            ch1_3.fullName,
            ch1_3.password,
            ch1_3.phone,
            ch1_3.username,
            ph1_0.id,
            ph1_1.address,
            ph1_1.email,
            ph1_1.fullName,
            ph1_1.password,
            ph1_1.phone,
            ph1_1.username,
            ph1_2.id,
            po1_0.id,
            po1_1.address,
            po1_1.email,
            po1_1.fullName,
            po1_1.password,
            po1_1.phone,
            po1_1.username,
            po1_0.fee,
            ch1_1.id,
            po2_0.id,
            po2_1.address,
            po2_1.email,
            po2_1.fullName,
            po2_1.password,
            po2_1.phone,
            po2_1.username,
            po2_0.fee,
            ic1_0.expireDate,
            po3_0.id,
            po3_1.address,
            po3_1.email,
            po3_1.fullName,
            po3_1.password,
            po3_1.phone,
            po3_1.username,
            po3_0.fee 
        from
            InsuranceCard ic1_0 
        left join
            (Beneficiary ch1_0 
        left join
            PolicyHolder ch1_1 
                on ch1_0.id=ch1_1.id 
        left join
            Dependant ch1_2 
                on ch1_0.id=ch1_2.id 
        join
            users ch1_3 
                on ch1_0.id=ch1_3.id) 
            on ch1_0.id=ic1_0.cardHolder_id 
        left join
            (PolicyHolder ph1_0 
        join
            users ph1_1 
                on ph1_0.id=ph1_1.id 
        join
            Beneficiary ph1_2 
                on ph1_0.id=ph1_2.id) 
            on ph1_0.id=ch1_2.policyHolder_id 
        left join
            (PolicyOwner po1_0 
        join
            users po1_1 
                on po1_0.id=po1_1.id) 
            on po1_0.id=ph1_0.policyOwner_id 
        left join
            (PolicyOwner po2_0 
        join
            users po2_1 
                on po2_0.id=po2_1.id) 
            on po2_0.id=ch1_1.policyOwner_id 
        left join
            (PolicyOwner po3_0 
        join
            users po3_1 
                on po3_0.id=po3_1.id) 
            on po3_0.id=ic1_0.policyOwner_id 
        where
            ic1_0.cardHolder_id=?
Hibernate: 
    select
        ic1_0.cardNumber,
        ch1_0.id,
        case 
            when ch1_1.id is not null 
                then 3 
            when ch1_2.id is not null 
                then 4 
            when ch1_0.id is not null 
                then 2 
            when po2_0.id is not null 
                then 5 
            end,
            ch1_3.address,
            ch1_3.email,
            ch1_3.fullName,
            ch1_3.password,
            ch1_3.phone,
            ch1_3.username,
            ph1_0.id,
            ph1_1.address,
            ph1_1.email,
            ph1_1.fullName,
            ph1_1.password,
            ph1_1.phone,
            ph1_1.username,
            ph1_2.id,
            po1_0.id,
            po1_1.address,
            po1_1.email,
            po1_1.fullName,
            po1_1.password,
            po1_1.phone,
            po1_1.username,
            po1_0.fee,
            ch1_1.id,
            po2_0.id,
            po2_1.address,
            po2_1.email,
            po2_1.fullName,
            po2_1.password,
            po2_1.phone,
            po2_1.username,
            po2_0.fee,
            ic1_0.expireDate,
            po3_0.id,
            po3_1.address,
            po3_1.email,
            po3_1.fullName,
            po3_1.password,
            po3_1.phone,
            po3_1.username,
            po3_0.fee 
        from
            InsuranceCard ic1_0 
        left join
            (Beneficiary ch1_0 
        left join
            PolicyHolder ch1_1 
                on ch1_0.id=ch1_1.id 
        left join
            Dependant ch1_2 
                on ch1_0.id=ch1_2.id 
        join
            users ch1_3 
                on ch1_0.id=ch1_3.id) 
            on ch1_0.id=ic1_0.cardHolder_id 
        left join
            (PolicyHolder ph1_0 
        join
            users ph1_1 
                on ph1_0.id=ph1_1.id 
        join
            Beneficiary ph1_2 
                on ph1_0.id=ph1_2.id) 
            on ph1_0.id=ch1_2.policyHolder_id 
        left join
            (PolicyOwner po1_0 
        join
            users po1_1 
                on po1_0.id=po1_1.id) 
            on po1_0.id=ph1_0.policyOwner_id 
        left join
            (PolicyOwner po2_0 
        join
            users po2_1 
                on po2_0.id=po2_1.id) 
            on po2_0.id=ch1_1.policyOwner_id 
        left join
            (PolicyOwner po3_0 
        join
            users po3_1 
                on po3_0.id=po3_1.id) 
            on po3_0.id=ic1_0.policyOwner_id 
        where
            ic1_0.cardHolder_id=?
Hibernate: 
    select
        ic1_0.cardNumber,
        ch1_0.id,
        case 
            when ch1_1.id is not null 
                then 3 
            when ch1_2.id is not null 
                then 4 
            when ch1_0.id is not null 
                then 2 
            when po2_0.id is not null 
                then 5 
            end,
            ch1_3.address,
            ch1_3.email,
            ch1_3.fullName,
            ch1_3.password,
            ch1_3.phone,
            ch1_3.username,
            ph1_0.id,
            ph1_1.address,
            ph1_1.email,
            ph1_1.fullName,
            ph1_1.password,
            ph1_1.phone,
            ph1_1.username,
            ph1_2.id,
            po1_0.id,
            po1_1.address,
            po1_1.email,
            po1_1.fullName,
            po1_1.password,
            po1_1.phone,
            po1_1.username,
            po1_0.fee,
            ch1_1.id,
            po2_0.id,
            po2_1.address,
            po2_1.email,
            po2_1.fullName,
            po2_1.password,
            po2_1.phone,
            po2_1.username,
            po2_0.fee,
            ic1_0.expireDate,
            po3_0.id,
            po3_1.address,
            po3_1.email,
            po3_1.fullName,
            po3_1.password,
            po3_1.phone,
            po3_1.username,
            po3_0.fee 
        from
            InsuranceCard ic1_0 
        left join
            (Beneficiary ch1_0 
        left join
            PolicyHolder ch1_1 
                on ch1_0.id=ch1_1.id 
        left join
            Dependant ch1_2 
                on ch1_0.id=ch1_2.id 
        join
            users ch1_3 
                on ch1_0.id=ch1_3.id) 
            on ch1_0.id=ic1_0.cardHolder_id 
        left join
            (PolicyHolder ph1_0 
        join
            users ph1_1 
                on ph1_0.id=ph1_1.id 
        join
            Beneficiary ph1_2 
                on ph1_0.id=ph1_2.id) 
            on ph1_0.id=ch1_2.policyHolder_id 
        left join
            (PolicyOwner po1_0 
        join
            users po1_1 
                on po1_0.id=po1_1.id) 
            on po1_0.id=ph1_0.policyOwner_id 
        left join
            (PolicyOwner po2_0 
        join
            users po2_1 
                on po2_0.id=po2_1.id) 
            on po2_0.id=ch1_1.policyOwner_id 
        left join
            (PolicyOwner po3_0 
        join
            users po3_1 
                on po3_0.id=po3_1.id) 
            on po3_0.id=ic1_0.policyOwner_id 
        where
            ic1_0.cardHolder_id=?
Hibernate: 
    select
        ic1_0.cardNumber,
        ch1_0.id,
        case 
            when ch1_1.id is not null 
                then 3 
            when ch1_2.id is not null 
                then 4 
            when ch1_0.id is not null 
                then 2 
            when po2_0.id is not null 
                then 5 
            end,
            ch1_3.address,
            ch1_3.email,
            ch1_3.fullName,
            ch1_3.password,
            ch1_3.phone,
            ch1_3.username,
            ph1_0.id,
            ph1_1.address,
            ph1_1.email,
            ph1_1.fullName,
            ph1_1.password,
            ph1_1.phone,
            ph1_1.username,
            ph1_2.id,
            po1_0.id,
            po1_1.address,
            po1_1.email,
            po1_1.fullName,
            po1_1.password,
            po1_1.phone,
            po1_1.username,
            po1_0.fee,
            ch1_1.id,
            po2_0.id,
            po2_1.address,
            po2_1.email,
            po2_1.fullName,
            po2_1.password,
            po2_1.phone,
            po2_1.username,
            po2_0.fee,
            ic1_0.expireDate,
            po3_0.id,
            po3_1.address,
            po3_1.email,
            po3_1.fullName,
            po3_1.password,
            po3_1.phone,
            po3_1.username,
            po3_0.fee 
        from
            InsuranceCard ic1_0 
        left join
            (Beneficiary ch1_0 
        left join
            PolicyHolder ch1_1 
                on ch1_0.id=ch1_1.id 
        left join
            Dependant ch1_2 
                on ch1_0.id=ch1_2.id 
        join
            users ch1_3 
                on ch1_0.id=ch1_3.id) 
            on ch1_0.id=ic1_0.cardHolder_id 
        left join
            (PolicyHolder ph1_0 
        join
            users ph1_1 
                on ph1_0.id=ph1_1.id 
        join
            Beneficiary ph1_2 
                on ph1_0.id=ph1_2.id) 
            on ph1_0.id=ch1_2.policyHolder_id 
        left join
            (PolicyOwner po1_0 
        join
            users po1_1 
                on po1_0.id=po1_1.id) 
            on po1_0.id=ph1_0.policyOwner_id 
        left join
            (PolicyOwner po2_0 
        join
            users po2_1 
                on po2_0.id=po2_1.id) 
            on po2_0.id=ch1_1.policyOwner_id 
        left join
            (PolicyOwner po3_0 
        join
            users po3_1 
                on po3_0.id=po3_1.id) 
            on po3_0.id=ic1_0.policyOwner_id 
        where
            ic1_0.cardHolder_id=?
Hibernate: 
    select
        ic1_0.cardNumber,
        ch1_0.id,
        case 
            when ch1_1.id is not null 
                then 3 
            when ch1_2.id is not null 
                then 4 
            when ch1_0.id is not null 
                then 2 
            when po2_0.id is not null 
                then 5 
            end,
            ch1_3.address,
            ch1_3.email,
            ch1_3.fullName,
            ch1_3.password,
            ch1_3.phone,
            ch1_3.username,
            ph1_0.id,
            ph1_1.address,
            ph1_1.email,
            ph1_1.fullName,
            ph1_1.password,
            ph1_1.phone,
            ph1_1.username,
            ph1_2.id,
            po1_0.id,
            po1_1.address,
            po1_1.email,
            po1_1.fullName,
            po1_1.password,
            po1_1.phone,
            po1_1.username,
            po1_0.fee,
            ch1_1.id,
            po2_0.id,
            po2_1.address,
            po2_1.email,
            po2_1.fullName,
            po2_1.password,
            po2_1.phone,
            po2_1.username,
            po2_0.fee,
            ic1_0.expireDate,
            po3_0.id,
            po3_1.address,
            po3_1.email,
            po3_1.fullName,
            po3_1.password,
            po3_1.phone,
            po3_1.username,
            po3_0.fee 
        from
            InsuranceCard ic1_0 
        left join
            (Beneficiary ch1_0 
        left join
            PolicyHolder ch1_1 
                on ch1_0.id=ch1_1.id 
        left join
            Dependant ch1_2 
                on ch1_0.id=ch1_2.id 
        join
            users ch1_3 
                on ch1_0.id=ch1_3.id) 
            on ch1_0.id=ic1_0.cardHolder_id 
        left join
            (PolicyHolder ph1_0 
        join
            users ph1_1 
                on ph1_0.id=ph1_1.id 
        join
            Beneficiary ph1_2 
                on ph1_0.id=ph1_2.id) 
            on ph1_0.id=ch1_2.policyHolder_id 
        left join
            (PolicyOwner po1_0 
        join
            users po1_1 
                on po1_0.id=po1_1.id) 
            on po1_0.id=ph1_0.policyOwner_id 
        left join
            (PolicyOwner po2_0 
        join
            users po2_1 
                on po2_0.id=po2_1.id) 
            on po2_0.id=ch1_1.policyOwner_id 
        left join
            (PolicyOwner po3_0 
        join
            users po3_1 
                on po3_0.id=po3_1.id) 
            on po3_0.id=ic1_0.policyOwner_id 
        where
            ic1_0.cardHolder_id=?
Hibernate: 
    select
        ic1_0.cardNumber,
        ch1_0.id,
        case 
            when ch1_1.id is not null 
                then 3 
            when ch1_2.id is not null 
                then 4 
            when ch1_0.id is not null 
                then 2 
            when po2_0.id is not null 
                then 5 
            end,
            ch1_3.address,
            ch1_3.email,
            ch1_3.fullName,
            ch1_3.password,
            ch1_3.phone,
            ch1_3.username,
            ph1_0.id,
            ph1_1.address,
            ph1_1.email,
            ph1_1.fullName,
            ph1_1.password,
            ph1_1.phone,
            ph1_1.username,
            ph1_2.id,
            po1_0.id,
            po1_1.address,
            po1_1.email,
            po1_1.fullName,
            po1_1.password,
            po1_1.phone,
            po1_1.username,
            po1_0.fee,
            ch1_1.id,
            po2_0.id,
            po2_1.address,
            po2_1.email,
            po2_1.fullName,
            po2_1.password,
            po2_1.phone,
            po2_1.username,
            po2_0.fee,
            ic1_0.expireDate,
            po3_0.id,
            po3_1.address,
            po3_1.email,
            po3_1.fullName,
            po3_1.password,
            po3_1.phone,
            po3_1.username,
            po3_0.fee 
        from
            InsuranceCard ic1_0 
        left join
            (Beneficiary ch1_0 
        left join
            PolicyHolder ch1_1 
                on ch1_0.id=ch1_1.id 
        left join
            Dependant ch1_2 
                on ch1_0.id=ch1_2.id 
        join
            users ch1_3 
                on ch1_0.id=ch1_3.id) 
            on ch1_0.id=ic1_0.cardHolder_id 
        left join
            (PolicyHolder ph1_0 
        join
            users ph1_1 
                on ph1_0.id=ph1_1.id 
        join
            Beneficiary ph1_2 
                on ph1_0.id=ph1_2.id) 
            on ph1_0.id=ch1_2.policyHolder_id 
        left join
            (PolicyOwner po1_0 
        join
            users po1_1 
                on po1_0.id=po1_1.id) 
            on po1_0.id=ph1_0.policyOwner_id 
        left join
            (PolicyOwner po2_0 
        join
            users po2_1 
                on po2_0.id=po2_1.id) 
            on po2_0.id=ch1_1.policyOwner_id 
        left join
            (PolicyOwner po3_0 
        join
            users po3_1 
                on po3_0.id=po3_1.id) 
            on po3_0.id=ic1_0.policyOwner_id 
        where
            ic1_0.cardHolder_id=?
Hibernate: 
    select
        ic1_0.cardNumber,
        ch1_0.id,
        case 
            when ch1_1.id is not null 
                then 3 
            when ch1_2.id is not null 
                then 4 
            when ch1_0.id is not null 
                then 2 
            when po2_0.id is not null 
                then 5 
            end,
            ch1_3.address,
            ch1_3.email,
            ch1_3.fullName,
            ch1_3.password,
            ch1_3.phone,
            ch1_3.username,
            ph1_0.id,
            ph1_1.address,
            ph1_1.email,
            ph1_1.fullName,
            ph1_1.password,
            ph1_1.phone,
            ph1_1.username,
            ph1_2.id,
            po1_0.id,
            po1_1.address,
            po1_1.email,
            po1_1.fullName,
            po1_1.password,
            po1_1.phone,
            po1_1.username,
            po1_0.fee,
            ch1_1.id,
            po2_0.id,
            po2_1.address,
            po2_1.email,
            po2_1.fullName,
            po2_1.password,
            po2_1.phone,
            po2_1.username,
            po2_0.fee,
            ic1_0.expireDate,
            po3_0.id,
            po3_1.address,
            po3_1.email,
            po3_1.fullName,
            po3_1.password,
            po3_1.phone,
            po3_1.username,
            po3_0.fee 
        from
            InsuranceCard ic1_0 
        left join
            (Beneficiary ch1_0 
        left join
            PolicyHolder ch1_1 
                on ch1_0.id=ch1_1.id 
        left join
            Dependant ch1_2 
                on ch1_0.id=ch1_2.id 
        join
            users ch1_3 
                on ch1_0.id=ch1_3.id) 
            on ch1_0.id=ic1_0.cardHolder_id 
        left join
            (PolicyHolder ph1_0 
        join
            users ph1_1 
                on ph1_0.id=ph1_1.id 
        join
            Beneficiary ph1_2 
                on ph1_0.id=ph1_2.id) 
            on ph1_0.id=ch1_2.policyHolder_id 
        left join
            (PolicyOwner po1_0 
        join
            users po1_1 
                on po1_0.id=po1_1.id) 
            on po1_0.id=ph1_0.policyOwner_id 
        left join
            (PolicyOwner po2_0 
        join
            users po2_1 
                on po2_0.id=po2_1.id) 
            on po2_0.id=ch1_1.policyOwner_id 
        left join
            (PolicyOwner po3_0 
        join
            users po3_1 
                on po3_0.id=po3_1.id) 
            on po3_0.id=ic1_0.policyOwner_id 
        where
            ic1_0.cardHolder_id=?
Hibernate: 
    select
        ic1_0.cardNumber,
        ch1_0.id,
        case 
            when ch1_1.id is not null 
                then 3 
            when ch1_2.id is not null 
                then 4 
            when ch1_0.id is not null 
                then 2 
            when po2_0.id is not null 
                then 5 
            end,
            ch1_3.address,
            ch1_3.email,
            ch1_3.fullName,
            ch1_3.password,
            ch1_3.phone,
            ch1_3.username,
            ph1_0.id,
            ph1_1.address,
            ph1_1.email,
            ph1_1.fullName,
            ph1_1.password,
            ph1_1.phone,
            ph1_1.username,
            ph1_2.id,
            po1_0.id,
            po1_1.address,
            po1_1.email,
            po1_1.fullName,
            po1_1.password,
            po1_1.phone,
            po1_1.username,
            po1_0.fee,
            ch1_1.id,
            po2_0.id,
            po2_1.address,
            po2_1.email,
            po2_1.fullName,
            po2_1.password,
            po2_1.phone,
            po2_1.username,
            po2_0.fee,
            ic1_0.expireDate,
            po3_0.id,
            po3_1.address,
            po3_1.email,
            po3_1.fullName,
            po3_1.password,
            po3_1.phone,
            po3_1.username,
            po3_0.fee 
        from
            InsuranceCard ic1_0 
        left join
            (Beneficiary ch1_0 
        left join
            PolicyHolder ch1_1 
                on ch1_0.id=ch1_1.id 
        left join
            Dependant ch1_2 
                on ch1_0.id=ch1_2.id 
        join
            users ch1_3 
                on ch1_0.id=ch1_3.id) 
            on ch1_0.id=ic1_0.cardHolder_id 
        left join
            (PolicyHolder ph1_0 
        join
            users ph1_1 
                on ph1_0.id=ph1_1.id 
        join
            Beneficiary ph1_2 
                on ph1_0.id=ph1_2.id) 
            on ph1_0.id=ch1_2.policyHolder_id 
        left join
            (PolicyOwner po1_0 
        join
            users po1_1 
                on po1_0.id=po1_1.id) 
            on po1_0.id=ph1_0.policyOwner_id 
        left join
            (PolicyOwner po2_0 
        join
            users po2_1 
                on po2_0.id=po2_1.id) 
            on po2_0.id=ch1_1.policyOwner_id 
        left join
            (PolicyOwner po3_0 
        join
            users po3_1 
                on po3_0.id=po3_1.id) 
            on po3_0.id=ic1_0.policyOwner_id 
        where
            ic1_0.cardHolder_id=?
Hibernate: 
    select
        ic1_0.cardNumber,
        ch1_0.id,
        case 
            when ch1_1.id is not null 
                then 3 
            when ch1_2.id is not null 
                then 4 
            when ch1_0.id is not null 
                then 2 
            when po2_0.id is not null 
                then 5 
            end,
            ch1_3.address,
            ch1_3.email,
            ch1_3.fullName,
            ch1_3.password,
            ch1_3.phone,
            ch1_3.username,
            ph1_0.id,
            ph1_1.address,
            ph1_1.email,
            ph1_1.fullName,
            ph1_1.password,
            ph1_1.phone,
            ph1_1.username,
            ph1_2.id,
            po1_0.id,
            po1_1.address,
            po1_1.email,
            po1_1.fullName,
            po1_1.password,
            po1_1.phone,
            po1_1.username,
            po1_0.fee,
            ch1_1.id,
            po2_0.id,
            po2_1.address,
            po2_1.email,
            po2_1.fullName,
            po2_1.password,
            po2_1.phone,
            po2_1.username,
            po2_0.fee,
            ic1_0.expireDate,
            po3_0.id,
            po3_1.address,
            po3_1.email,
            po3_1.fullName,
            po3_1.password,
            po3_1.phone,
            po3_1.username,
            po3_0.fee 
        from
            InsuranceCard ic1_0 
        left join
            (Beneficiary ch1_0 
        left join
            PolicyHolder ch1_1 
                on ch1_0.id=ch1_1.id 
        left join
            Dependant ch1_2 
                on ch1_0.id=ch1_2.id 
        join
            users ch1_3 
                on ch1_0.id=ch1_3.id) 
            on ch1_0.id=ic1_0.cardHolder_id 
        left join
            (PolicyHolder ph1_0 
        join
            users ph1_1 
                on ph1_0.id=ph1_1.id 
        join
            Beneficiary ph1_2 
                on ph1_0.id=ph1_2.id) 
            on ph1_0.id=ch1_2.policyHolder_id 
        left join
            (PolicyOwner po1_0 
        join
            users po1_1 
                on po1_0.id=po1_1.id) 
            on po1_0.id=ph1_0.policyOwner_id 
        left join
            (PolicyOwner po2_0 
        join
            users po2_1 
                on po2_0.id=po2_1.id) 
            on po2_0.id=ch1_1.policyOwner_id 
        left join
            (PolicyOwner po3_0 
        join
            users po3_1 
                on po3_0.id=po3_1.id) 
            on po3_0.id=ic1_0.policyOwner_id 
        where
            ic1_0.cardHolder_id=?
Hibernate: 
    select
        ic1_0.cardNumber,
        ch1_0.id,
        case 
            when ch1_1.id is not null 
                then 3 
            when ch1_2.id is not null 
                then 4 
            when ch1_0.id is not null 
                then 2 
            when po2_0.id is not null 
                then 5 
            end,
            ch1_3.address,
            ch1_3.email,
            ch1_3.fullName,
            ch1_3.password,
            ch1_3.phone,
            ch1_3.username,
            ph1_0.id,
            ph1_1.address,
            ph1_1.email,
            ph1_1.fullName,
            ph1_1.password,
            ph1_1.phone,
            ph1_1.username,
            ph1_2.id,
            po1_0.id,
            po1_1.address,
            po1_1.email,
            po1_1.fullName,
            po1_1.password,
            po1_1.phone,
            po1_1.username,
            po1_0.fee,
            ch1_1.id,
            po2_0.id,
            po2_1.address,
            po2_1.email,
            po2_1.fullName,
            po2_1.password,
            po2_1.phone,
            po2_1.username,
            po2_0.fee,
            ic1_0.expireDate,
            po3_0.id,
            po3_1.address,
            po3_1.email,
            po3_1.fullName,
            po3_1.password,
            po3_1.phone,
            po3_1.username,
            po3_0.fee 
        from
            InsuranceCard ic1_0 
        left join
            (Beneficiary ch1_0 
        left join
            PolicyHolder ch1_1 
                on ch1_0.id=ch1_1.id 
        left join
            Dependant ch1_2 
                on ch1_0.id=ch1_2.id 
        join
            users ch1_3 
                on ch1_0.id=ch1_3.id) 
            on ch1_0.id=ic1_0.cardHolder_id 
        left join
            (PolicyHolder ph1_0 
        join
            users ph1_1 
                on ph1_0.id=ph1_1.id 
        join
            Beneficiary ph1_2 
                on ph1_0.id=ph1_2.id) 
            on ph1_0.id=ch1_2.policyHolder_id 
        left join
            (PolicyOwner po1_0 
        join
            users po1_1 
                on po1_0.id=po1_1.id) 
            on po1_0.id=ph1_0.policyOwner_id 
        left join
            (PolicyOwner po2_0 
        join
            users po2_1 
                on po2_0.id=po2_1.id) 
            on po2_0.id=ch1_1.policyOwner_id 
        left join
            (PolicyOwner po3_0 
        join
            users po3_1 
                on po3_0.id=po3_1.id) 
            on po3_0.id=ic1_0.policyOwner_id 
        where
            ic1_0.cardHolder_id=?
Hibernate: 
    select
        ic1_0.cardNumber,
        ch1_0.id,
        case 
            when ch1_1.id is not null 
                then 3 
            when ch1_2.id is not null 
                then 4 
            when ch1_0.id is not null 
                then 2 
            when po2_0.id is not null 
                then 5 
            end,
            ch1_3.address,
            ch1_3.email,
            ch1_3.fullName,
            ch1_3.password,
            ch1_3.phone,
            ch1_3.username,
            ph1_0.id,
            ph1_1.address,
            ph1_1.email,
            ph1_1.fullName,
            ph1_1.password,
            ph1_1.phone,
            ph1_1.username,
            ph1_2.id,
            po1_0.id,
            po1_1.address,
            po1_1.email,
            po1_1.fullName,
            po1_1.password,
            po1_1.phone,
            po1_1.username,
            po1_0.fee,
            ch1_1.id,
            po2_0.id,
            po2_1.address,
            po2_1.email,
            po2_1.fullName,
            po2_1.password,
            po2_1.phone,
            po2_1.username,
            po2_0.fee,
            ic1_0.expireDate,
            po3_0.id,
            po3_1.address,
            po3_1.email,
            po3_1.fullName,
            po3_1.password,
            po3_1.phone,
            po3_1.username,
            po3_0.fee 
        from
            InsuranceCard ic1_0 
        left join
            (Beneficiary ch1_0 
        left join
            PolicyHolder ch1_1 
                on ch1_0.id=ch1_1.id 
        left join
            Dependant ch1_2 
                on ch1_0.id=ch1_2.id 
        join
            users ch1_3 
                on ch1_0.id=ch1_3.id) 
            on ch1_0.id=ic1_0.cardHolder_id 
        left join
            (PolicyHolder ph1_0 
        join
            users ph1_1 
                on ph1_0.id=ph1_1.id 
        join
            Beneficiary ph1_2 
                on ph1_0.id=ph1_2.id) 
            on ph1_0.id=ch1_2.policyHolder_id 
        left join
            (PolicyOwner po1_0 
        join
            users po1_1 
                on po1_0.id=po1_1.id) 
            on po1_0.id=ph1_0.policyOwner_id 
        left join
            (PolicyOwner po2_0 
        join
            users po2_1 
                on po2_0.id=po2_1.id) 
            on po2_0.id=ch1_1.policyOwner_id 
        left join
            (PolicyOwner po3_0 
        join
            users po3_1 
                on po3_0.id=po3_1.id) 
            on po3_0.id=ic1_0.policyOwner_id 
        where
            ic1_0.cardHolder_id=?
Hibernate: 
    select
        ic1_0.cardNumber,
        ch1_0.id,
        case 
            when ch1_1.id is not null 
                then 3 
            when ch1_2.id is not null 
                then 4 
            when ch1_0.id is not null 
                then 2 
            when po2_0.id is not null 
                then 5 
            end,
            ch1_3.address,
            ch1_3.email,
            ch1_3.fullName,
            ch1_3.password,
            ch1_3.phone,
            ch1_3.username,
            ph1_0.id,
            ph1_1.address,
            ph1_1.email,
            ph1_1.fullName,
            ph1_1.password,
            ph1_1.phone,
            ph1_1.username,
            ph1_2.id,
            po1_0.id,
            po1_1.address,
            po1_1.email,
            po1_1.fullName,
            po1_1.password,
            po1_1.phone,
            po1_1.username,
            po1_0.fee,
            ch1_1.id,
            po2_0.id,
            po2_1.address,
            po2_1.email,
            po2_1.fullName,
            po2_1.password,
            po2_1.phone,
            po2_1.username,
            po2_0.fee,
            ic1_0.expireDate,
            po3_0.id,
            po3_1.address,
            po3_1.email,
            po3_1.fullName,
            po3_1.password,
            po3_1.phone,
            po3_1.username,
            po3_0.fee 
        from
            InsuranceCard ic1_0 
        left join
            (Beneficiary ch1_0 
        left join
            PolicyHolder ch1_1 
                on ch1_0.id=ch1_1.id 
        left join
            Dependant ch1_2 
                on ch1_0.id=ch1_2.id 
        join
            users ch1_3 
                on ch1_0.id=ch1_3.id) 
            on ch1_0.id=ic1_0.cardHolder_id 
        left join
            (PolicyHolder ph1_0 
        join
            users ph1_1 
                on ph1_0.id=ph1_1.id 
        join
            Beneficiary ph1_2 
                on ph1_0.id=ph1_2.id) 
            on ph1_0.id=ch1_2.policyHolder_id 
        left join
            (PolicyOwner po1_0 
        join
            users po1_1 
                on po1_0.id=po1_1.id) 
            on po1_0.id=ph1_0.policyOwner_id 
        left join
            (PolicyOwner po2_0 
        join
            users po2_1 
                on po2_0.id=po2_1.id) 
            on po2_0.id=ch1_1.policyOwner_id 
        left join
            (PolicyOwner po3_0 
        join
            users po3_1 
                on po3_0.id=po3_1.id) 
            on po3_0.id=ic1_0.policyOwner_id 
        where
            ic1_0.cardHolder_id=?
Hibernate: 
    select
        ic1_0.cardNumber,
        ch1_0.id,
        case 
            when ch1_1.id is not null 
                then 3 
            when ch1_2.id is not null 
                then 4 
            when ch1_0.id is not null 
                then 2 
            when po2_0.id is not null 
                then 5 
            end,
            ch1_3.address,
            ch1_3.email,
            ch1_3.fullName,
            ch1_3.password,
            ch1_3.phone,
            ch1_3.username,
            ph1_0.id,
            ph1_1.address,
            ph1_1.email,
            ph1_1.fullName,
            ph1_1.password,
            ph1_1.phone,
            ph1_1.username,
            ph1_2.id,
            po1_0.id,
            po1_1.address,
            po1_1.email,
            po1_1.fullName,
            po1_1.password,
            po1_1.phone,
            po1_1.username,
            po1_0.fee,
            ch1_1.id,
            po2_0.id,
            po2_1.address,
            po2_1.email,
            po2_1.fullName,
            po2_1.password,
            po2_1.phone,
            po2_1.username,
            po2_0.fee,
            ic1_0.expireDate,
            po3_0.id,
            po3_1.address,
            po3_1.email,
            po3_1.fullName,
            po3_1.password,
            po3_1.phone,
            po3_1.username,
            po3_0.fee 
        from
            InsuranceCard ic1_0 
        left join
            (Beneficiary ch1_0 
        left join
            PolicyHolder ch1_1 
                on ch1_0.id=ch1_1.id 
        left join
            Dependant ch1_2 
                on ch1_0.id=ch1_2.id 
        join
            users ch1_3 
                on ch1_0.id=ch1_3.id) 
            on ch1_0.id=ic1_0.cardHolder_id 
        left join
            (PolicyHolder ph1_0 
        join
            users ph1_1 
                on ph1_0.id=ph1_1.id 
        join
            Beneficiary ph1_2 
                on ph1_0.id=ph1_2.id) 
            on ph1_0.id=ch1_2.policyHolder_id 
        left join
            (PolicyOwner po1_0 
        join
            users po1_1 
                on po1_0.id=po1_1.id) 
            on po1_0.id=ph1_0.policyOwner_id 
        left join
            (PolicyOwner po2_0 
        join
            users po2_1 
                on po2_0.id=po2_1.id) 
            on po2_0.id=ch1_1.policyOwner_id 
        left join
            (PolicyOwner po3_0 
        join
            users po3_1 
                on po3_0.id=po3_1.id) 
            on po3_0.id=ic1_0.policyOwner_id 
        where
            ic1_0.cardHolder_id=?
Hibernate: 
    select
        ic1_0.cardNumber,
        ch1_0.id,
        case 
            when ch1_1.id is not null 
                then 3 
            when ch1_2.id is not null 
                then 4 
            when ch1_0.id is not null 
                then 2 
            when po2_0.id is not null 
                then 5 
            end,
            ch1_3.address,
            ch1_3.email,
            ch1_3.fullName,
            ch1_3.password,
            ch1_3.phone,
            ch1_3.username,
            ph1_0.id,
            ph1_1.address,
            ph1_1.email,
            ph1_1.fullName,
            ph1_1.password,
            ph1_1.phone,
            ph1_1.username,
            ph1_2.id,
            po1_0.id,
            po1_1.address,
            po1_1.email,
            po1_1.fullName,
            po1_1.password,
            po1_1.phone,
            po1_1.username,
            po1_0.fee,
            ch1_1.id,
            po2_0.id,
            po2_1.address,
            po2_1.email,
            po2_1.fullName,
            po2_1.password,
            po2_1.phone,
            po2_1.username,
            po2_0.fee,
            ic1_0.expireDate,
            po3_0.id,
            po3_1.address,
            po3_1.email,
            po3_1.fullName,
            po3_1.password,
            po3_1.phone,
            po3_1.username,
            po3_0.fee 
        from
            InsuranceCard ic1_0 
        left join
            (Beneficiary ch1_0 
        left join
            PolicyHolder ch1_1 
                on ch1_0.id=ch1_1.id 
        left join
            Dependant ch1_2 
                on ch1_0.id=ch1_2.id 
        join
            users ch1_3 
                on ch1_0.id=ch1_3.id) 
            on ch1_0.id=ic1_0.cardHolder_id 
        left join
            (PolicyHolder ph1_0 
        join
            users ph1_1 
                on ph1_0.id=ph1_1.id 
        join
            Beneficiary ph1_2 
                on ph1_0.id=ph1_2.id) 
            on ph1_0.id=ch1_2.policyHolder_id 
        left join
            (PolicyOwner po1_0 
        join
            users po1_1 
                on po1_0.id=po1_1.id) 
            on po1_0.id=ph1_0.policyOwner_id 
        left join
            (PolicyOwner po2_0 
        join
            users po2_1 
                on po2_0.id=po2_1.id) 
            on po2_0.id=ch1_1.policyOwner_id 
        left join
            (PolicyOwner po3_0 
        join
            users po3_1 
                on po3_0.id=po3_1.id) 
            on po3_0.id=ic1_0.policyOwner_id 
        where
            ic1_0.cardHolder_id=?
Hibernate: 
    select
        ic1_0.cardNumber,
        ch1_0.id,
        case 
            when ch1_1.id is not null 
                then 3 
            when ch1_2.id is not null 
                then 4 
            when ch1_0.id is not null 
                then 2 
            when po2_0.id is not null 
                then 5 
            end,
            ch1_3.address,
            ch1_3.email,
            ch1_3.fullName,
            ch1_3.password,
            ch1_3.phone,
            ch1_3.username,
            ph1_0.id,
            ph1_1.address,
            ph1_1.email,
            ph1_1.fullName,
            ph1_1.password,
            ph1_1.phone,
            ph1_1.username,
            ph1_2.id,
            po1_0.id,
            po1_1.address,
            po1_1.email,
            po1_1.fullName,
            po1_1.password,
            po1_1.phone,
            po1_1.username,
            po1_0.fee,
            ch1_1.id,
            po2_0.id,
            po2_1.address,
            po2_1.email,
            po2_1.fullName,
            po2_1.password,
            po2_1.phone,
            po2_1.username,
            po2_0.fee,
            ic1_0.expireDate,
            po3_0.id,
            po3_1.address,
            po3_1.email,
            po3_1.fullName,
            po3_1.password,
            po3_1.phone,
            po3_1.username,
            po3_0.fee 
        from
            InsuranceCard ic1_0 
        left join
            (Beneficiary ch1_0 
        left join
            PolicyHolder ch1_1 
                on ch1_0.id=ch1_1.id 
        left join
            Dependant ch1_2 
                on ch1_0.id=ch1_2.id 
        join
            users ch1_3 
                on ch1_0.id=ch1_3.id) 
            on ch1_0.id=ic1_0.cardHolder_id 
        left join
            (PolicyHolder ph1_0 
        join
            users ph1_1 
                on ph1_0.id=ph1_1.id 
        join
            Beneficiary ph1_2 
                on ph1_0.id=ph1_2.id) 
            on ph1_0.id=ch1_2.policyHolder_id 
        left join
            (PolicyOwner po1_0 
        join
            users po1_1 
                on po1_0.id=po1_1.id) 
            on po1_0.id=ph1_0.policyOwner_id 
        left join
            (PolicyOwner po2_0 
        join
            users po2_1 
                on po2_0.id=po2_1.id) 
            on po2_0.id=ch1_1.policyOwner_id 
        left join
            (PolicyOwner po3_0 
        join
            users po3_1 
                on po3_0.id=po3_1.id) 
            on po3_0.id=ic1_0.policyOwner_id 
        where
            ic1_0.cardHolder_id=?
Hibernate: 
    select
        ic1_0.cardNumber,
        ch1_0.id,
        case 
            when ch1_1.id is not null 
                then 3 
            when ch1_2.id is not null 
                then 4 
            when ch1_0.id is not null 
                then 2 
            when po2_0.id is not null 
                then 5 
            end,
            ch1_3.address,
            ch1_3.email,
            ch1_3.fullName,
            ch1_3.password,
            ch1_3.phone,
            ch1_3.username,
            ph1_0.id,
            ph1_1.address,
            ph1_1.email,
            ph1_1.fullName,
            ph1_1.password,
            ph1_1.phone,
            ph1_1.username,
            ph1_2.id,
            po1_0.id,
            po1_1.address,
            po1_1.email,
            po1_1.fullName,
            po1_1.password,
            po1_1.phone,
            po1_1.username,
            po1_0.fee,
            ch1_1.id,
            po2_0.id,
            po2_1.address,
            po2_1.email,
            po2_1.fullName,
            po2_1.password,
            po2_1.phone,
            po2_1.username,
            po2_0.fee,
            ic1_0.expireDate,
            po3_0.id,
            po3_1.address,
            po3_1.email,
            po3_1.fullName,
            po3_1.password,
            po3_1.phone,
            po3_1.username,
            po3_0.fee 
        from
            InsuranceCard ic1_0 
        left join
            (Beneficiary ch1_0 
        left join
            PolicyHolder ch1_1 
                on ch1_0.id=ch1_1.id 
        left join
            Dependant ch1_2 
                on ch1_0.id=ch1_2.id 
        join
            users ch1_3 
                on ch1_0.id=ch1_3.id) 
            on ch1_0.id=ic1_0.cardHolder_id 
        left join
            (PolicyHolder ph1_0 
        join
            users ph1_1 
                on ph1_0.id=ph1_1.id 
        join
            Beneficiary ph1_2 
                on ph1_0.id=ph1_2.id) 
            on ph1_0.id=ch1_2.policyHolder_id 
        left join
            (PolicyOwner po1_0 
        join
            users po1_1 
                on po1_0.id=po1_1.id) 
            on po1_0.id=ph1_0.policyOwner_id 
        left join
            (PolicyOwner po2_0 
        join
            users po2_1 
                on po2_0.id=po2_1.id) 
            on po2_0.id=ch1_1.policyOwner_id 
        left join
            (PolicyOwner po3_0 
        join
            users po3_1 
                on po3_0.id=po3_1.id) 
            on po3_0.id=ic1_0.policyOwner_id 
        where
            ic1_0.cardHolder_id=?
Hibernate: 
    select
        ic1_0.cardNumber,
        ch1_0.id,
        case 
            when ch1_1.id is not null 
                then 3 
            when ch1_2.id is not null 
                then 4 
            when ch1_0.id is not null 
                then 2 
            when po2_0.id is not null 
                then 5 
            end,
            ch1_3.address,
            ch1_3.email,
            ch1_3.fullName,
            ch1_3.password,
            ch1_3.phone,
            ch1_3.username,
            ph1_0.id,
            ph1_1.address,
            ph1_1.email,
            ph1_1.fullName,
            ph1_1.password,
            ph1_1.phone,
            ph1_1.username,
            ph1_2.id,
            po1_0.id,
            po1_1.address,
            po1_1.email,
            po1_1.fullName,
            po1_1.password,
            po1_1.phone,
            po1_1.username,
            po1_0.fee,
            ch1_1.id,
            po2_0.id,
            po2_1.address,
            po2_1.email,
            po2_1.fullName,
            po2_1.password,
            po2_1.phone,
            po2_1.username,
            po2_0.fee,
            ic1_0.expireDate,
            po3_0.id,
            po3_1.address,
            po3_1.email,
            po3_1.fullName,
            po3_1.password,
            po3_1.phone,
            po3_1.username,
            po3_0.fee 
        from
            InsuranceCard ic1_0 
        left join
            (Beneficiary ch1_0 
        left join
            PolicyHolder ch1_1 
                on ch1_0.id=ch1_1.id 
        left join
            Dependant ch1_2 
                on ch1_0.id=ch1_2.id 
        join
            users ch1_3 
                on ch1_0.id=ch1_3.id) 
            on ch1_0.id=ic1_0.cardHolder_id 
        left join
            (PolicyHolder ph1_0 
        join
            users ph1_1 
                on ph1_0.id=ph1_1.id 
        join
            Beneficiary ph1_2 
                on ph1_0.id=ph1_2.id) 
            on ph1_0.id=ch1_2.policyHolder_id 
        left join
            (PolicyOwner po1_0 
        join
            users po1_1 
                on po1_0.id=po1_1.id) 
            on po1_0.id=ph1_0.policyOwner_id 
        left join
            (PolicyOwner po2_0 
        join
            users po2_1 
                on po2_0.id=po2_1.id) 
            on po2_0.id=ch1_1.policyOwner_id 
        left join
            (PolicyOwner po3_0 
        join
            users po3_1 
                on po3_0.id=po3_1.id) 
            on po3_0.id=ic1_0.policyOwner_id 
        where
            ic1_0.cardHolder_id=?
Hibernate: 
    select
        ic1_0.cardNumber,
        ch1_0.id,
        case 
            when ch1_1.id is not null 
                then 3 
            when ch1_2.id is not null 
                then 4 
            when ch1_0.id is not null 
                then 2 
            when po2_0.id is not null 
                then 5 
            end,
            ch1_3.address,
            ch1_3.email,
            ch1_3.fullName,
            ch1_3.password,
            ch1_3.phone,
            ch1_3.username,
            ph1_0.id,
            ph1_1.address,
            ph1_1.email,
            ph1_1.fullName,
            ph1_1.password,
            ph1_1.phone,
            ph1_1.username,
            ph1_2.id,
            po1_0.id,
            po1_1.address,
            po1_1.email,
            po1_1.fullName,
            po1_1.password,
            po1_1.phone,
            po1_1.username,
            po1_0.fee,
            ch1_1.id,
            po2_0.id,
            po2_1.address,
            po2_1.email,
            po2_1.fullName,
            po2_1.password,
            po2_1.phone,
            po2_1.username,
            po2_0.fee,
            ic1_0.expireDate,
            po3_0.id,
            po3_1.address,
            po3_1.email,
            po3_1.fullName,
            po3_1.password,
            po3_1.phone,
            po3_1.username,
            po3_0.fee 
        from
            InsuranceCard ic1_0 
        left join
            (Beneficiary ch1_0 
        left join
            PolicyHolder ch1_1 
                on ch1_0.id=ch1_1.id 
        left join
            Dependant ch1_2 
                on ch1_0.id=ch1_2.id 
        join
            users ch1_3 
                on ch1_0.id=ch1_3.id) 
            on ch1_0.id=ic1_0.cardHolder_id 
        left join
            (PolicyHolder ph1_0 
        join
            users ph1_1 
                on ph1_0.id=ph1_1.id 
        join
            Beneficiary ph1_2 
                on ph1_0.id=ph1_2.id) 
            on ph1_0.id=ch1_2.policyHolder_id 
        left join
            (PolicyOwner po1_0 
        join
            users po1_1 
                on po1_0.id=po1_1.id) 
            on po1_0.id=ph1_0.policyOwner_id 
        left join
            (PolicyOwner po2_0 
        join
            users po2_1 
                on po2_0.id=po2_1.id) 
            on po2_0.id=ch1_1.policyOwner_id 
        left join
            (PolicyOwner po3_0 
        join
            users po3_1 
                on po3_0.id=po3_1.id) 
            on po3_0.id=ic1_0.policyOwner_id 
        where
            ic1_0.cardHolder_id=?
Hibernate: 
    select
        ic1_0.cardNumber,
        ch1_0.id,
        case 
            when ch1_1.id is not null 
                then 3 
            when ch1_2.id is not null 
                then 4 
            when ch1_0.id is not null 
                then 2 
            when po2_0.id is not null 
                then 5 
            end,
            ch1_3.address,
            ch1_3.email,
            ch1_3.fullName,
            ch1_3.password,
            ch1_3.phone,
            ch1_3.username,
            ph1_0.id,
            ph1_1.address,
            ph1_1.email,
            ph1_1.fullName,
            ph1_1.password,
            ph1_1.phone,
            ph1_1.username,
            ph1_2.id,
            po1_0.id,
            po1_1.address,
            po1_1.email,
            po1_1.fullName,
            po1_1.password,
            po1_1.phone,
            po1_1.username,
            po1_0.fee,
            ch1_1.id,
            po2_0.id,
            po2_1.address,
            po2_1.email,
            po2_1.fullName,
            po2_1.password,
            po2_1.phone,
            po2_1.username,
            po2_0.fee,
            ic1_0.expireDate,
            po3_0.id,
            po3_1.address,
            po3_1.email,
            po3_1.fullName,
            po3_1.password,
            po3_1.phone,
            po3_1.username,
            po3_0.fee 
        from
            InsuranceCard ic1_0 
        left join
            (Beneficiary ch1_0 
        left join
            PolicyHolder ch1_1 
                on ch1_0.id=ch1_1.id 
        left join
            Dependant ch1_2 
                on ch1_0.id=ch1_2.id 
        join
            users ch1_3 
                on ch1_0.id=ch1_3.id) 
            on ch1_0.id=ic1_0.cardHolder_id 
        left join
            (PolicyHolder ph1_0 
        join
            users ph1_1 
                on ph1_0.id=ph1_1.id 
        join
            Beneficiary ph1_2 
                on ph1_0.id=ph1_2.id) 
            on ph1_0.id=ch1_2.policyHolder_id 
        left join
            (PolicyOwner po1_0 
        join
            users po1_1 
                on po1_0.id=po1_1.id) 
            on po1_0.id=ph1_0.policyOwner_id 
        left join
            (PolicyOwner po2_0 
        join
            users po2_1 
                on po2_0.id=po2_1.id) 
            on po2_0.id=ch1_1.policyOwner_id 
        left join
            (PolicyOwner po3_0 
        join
            users po3_1 
                on po3_0.id=po3_1.id) 
            on po3_0.id=ic1_0.policyOwner_id 
        where
            ic1_0.cardHolder_id=?
Hibernate: 
    select
        ic1_0.cardNumber,
        ch1_0.id,
        case 
[...]
            on ch1_0.id=ic1_0.cardHolder_id 
        left join
            (PolicyHolder ph1_0 
        join
            users ph1_1 
                on ph1_0.id=ph1_1.id 
        join
            Beneficiary ph1_2 
                on ph1_0.id=ph1_2.id) 
            on ph1_0.id=ch1_2.policyHolder_id 
        left join
            (PolicyOwner po1_0 
        join
            users po1_1 
                on po1_0.id=po1_1.id) 
            on po1_0.id=ph1_0.policyOwner_id 
        left join
            (PolicyOwner po2_0 
        join
            users po2_1 
                on po2_0.id=po2_1.id) 
            on po2_0.id=ch1_1.policyOwner_id 
        left join
            (PolicyOwner po3_0 
        join
            users po3_1 
                on po3_0.id=po3_1.id) 
            on po3_0.id=ic1_0.policyOwner_id 
        where
            ic1_0.cardHolder_id=?
Hibernate: 
    select
        ic1_0.cardNumber,
        ch1_0.id,
        case 
            when ch1_1.id is not null 
                then 3 
            when ch1_2.id is not null 
                then 4 
            when ch1_0.id is not null 
                then 2 
            when po2_0.id is not null 
                then 5 
            end,
            ch1_3.address,
            ch1_3.email,
            ch1_3.fullName,
            ch1_3.password,
            ch1_3.phone,
            ch1_3.username,
            ph1_0.id,
            ph1_1.address,
            ph1_1.email,
            ph1_1.fullName,
            ph1_1.password,
            ph1_1.phone,
            ph1_1.username,
            ph1_2.id,
            po1_0.id,
            po1_1.address,
            po1_1.email,
            po1_1.fullName,
            po1_1.password,
            po1_1.phone,
            po1_1.username,
            po1_0.fee,
            ch1_1.id,
            po2_0.id,
            po2_1.address,
            po2_1.email,
            po2_1.fullName,
            po2_1.password,
            po2_1.phone,
            po2_1.username,
            po2_0.fee,
            ic1_0.expireDate,
            po3_0.id,
            po3_1.address,
            po3_1.email,
            po3_1.fullName,
            po3_1.password,
            po3_1.phone,
            po3_1.username,
            po3_0.fee 
        from
            InsuranceCard ic1_0 
        left join
            (Beneficiary ch1_0 
        left join
            PolicyHolder ch1_1 
                on ch1_0.id=ch1_1.id 
        left join
            Dependant ch1_2 
                on ch1_0.id=ch1_2.id 
        join
            users ch1_3 
                on ch1_0.id=ch1_3.id) 
            on ch1_0.id=ic1_0.cardHolder_id 
        left join
            (PolicyHolder ph1_0 
        join
            users ph1_1 
                on ph1_0.id=ph1_1.id 
        join
            Beneficiary ph1_2 
                on ph1_0.id=ph1_2.id) 
            on ph1_0.id=ch1_2.policyHolder_id 
        left join
            (PolicyOwner po1_0 
        join
            users po1_1 
                on po1_0.id=po1_1.id) 
            on po1_0.id=ph1_0.policyOwner_id 
        left join
            (PolicyOwner po2_0 
        join
            users po2_1 
                on po2_0.id=po2_1.id) 
            on po2_0.id=ch1_1.policyOwner_id 
        left join
            (PolicyOwner po3_0 
        join
            users po3_1 
                on po3_0.id=po3_1.id) 
            on po3_0.id=ic1_0.policyOwner_id 
        where
            ic1_0.cardHolder_id=?
Hibernate: 
    select
        ic1_0.cardNumber,
        ch1_0.id,
        case 
            when ch1_1.id is not null 
                then 3 
            when ch1_2.id is not null 
                then 4 
            when ch1_0.id is not null 
                then 2 
            when po2_0.id is not null 
                then 5 
            end,
            ch1_3.address,
            ch1_3.email,
            ch1_3.fullName,
            ch1_3.password,
            ch1_3.phone,
            ch1_3.username,
            ph1_0.id,
            ph1_1.address,
            ph1_1.email,
            ph1_1.fullName,
            ph1_1.password,
            ph1_1.phone,
            ph1_1.username,
            ph1_2.id,
            po1_0.id,
            po1_1.address,
            po1_1.email,
            po1_1.fullName,
            po1_1.password,
            po1_1.phone,
            po1_1.username,
            po1_0.fee,
            ch1_1.id,
            po2_0.id,
            po2_1.address,
            po2_1.email,
            po2_1.fullName,
            po2_1.password,
            po2_1.phone,
            po2_1.username,
            po2_0.fee,
            ic1_0.expireDate,
            po3_0.id,
            po3_1.address,
            po3_1.email,
            po3_1.fullName,
            po3_1.password,
            po3_1.phone,
            po3_1.username,
            po3_0.fee 
        from
            InsuranceCard ic1_0 
        left join
            (Beneficiary ch1_0 
        left join
            PolicyHolder ch1_1 
                on ch1_0.id=ch1_1.id 
        left join
            Dependant ch1_2 
                on ch1_0.id=ch1_2.id 
        join
            users ch1_3 
                on ch1_0.id=ch1_3.id) 
            on ch1_0.id=ic1_0.cardHolder_id 
        left join
            (PolicyHolder ph1_0 
        join
            users ph1_1 
                on ph1_0.id=ph1_1.id 
        join
            Beneficiary ph1_2 
                on ph1_0.id=ph1_2.id) 
            on ph1_0.id=ch1_2.policyHolder_id 
        left join
            (PolicyOwner po1_0 
        join
            users po1_1 
                on po1_0.id=po1_1.id) 
            on po1_0.id=ph1_0.policyOwner_id 
        left join
            (PolicyOwner po2_0 
        join
            users po2_1 
                on po2_0.id=po2_1.id) 
            on po2_0.id=ch1_1.policyOwner_id 
        left join
            (PolicyOwner po3_0 
        join
            users po3_1 
                on po3_0.id=po3_1.id) 
            on po3_0.id=ic1_0.policyOwner_id 
        where
            ic1_0.cardHolder_id=?
Hibernate: 
    select
        ic1_0.cardNumber,
        ch1_0.id,
        case 
            when ch1_1.id is not null 
                then 3 
            when ch1_2.id is not null 
                then 4 
            when ch1_0.id is not null 
                then 2 
            when po2_0.id is not null 
                then 5 
            end,
            ch1_3.address,
            ch1_3.email,
            ch1_3.fullName,
            ch1_3.password,
            ch1_3.phone,
            ch1_3.username,
            ph1_0.id,
            ph1_1.address,
            ph1_1.email,
            ph1_1.fullName,
            ph1_1.password,
            ph1_1.phone,
            ph1_1.username,
            ph1_2.id,
            po1_0.id,
            po1_1.address,
            po1_1.email,
            po1_1.fullName,
            po1_1.password,
            po1_1.phone,
            po1_1.username,
            po1_0.fee,
            ch1_1.id,
            po2_0.id,
            po2_1.address,
            po2_1.email,
            po2_1.fullName,
            po2_1.password,
            po2_1.phone,
            po2_1.username,
            po2_0.fee,
            ic1_0.expireDate,
            po3_0.id,
            po3_1.address,
            po3_1.email,
            po3_1.fullName,
            po3_1.password,
            po3_1.phone,
            po3_1.username,
            po3_0.fee 
        from
            InsuranceCard ic1_0 
        left join
            (Beneficiary ch1_0 
        left join
            PolicyHolder ch1_1 
                on ch1_0.id=ch1_1.id 
        left join
            Dependant ch1_2 
                on ch1_0.id=ch1_2.id 
        join
            users ch1_3 
                on ch1_0.id=ch1_3.id) 
            on ch1_0.id=ic1_0.cardHolder_id 
        left join
            (PolicyHolder ph1_0 
        join
            users ph1_1 
                on ph1_0.id=ph1_1.id 
        join
            Beneficiary ph1_2 
                on ph1_0.id=ph1_2.id) 
            on ph1_0.id=ch1_2.policyHolder_id 
        left join
            (PolicyOwner po1_0 
        join
            users po1_1 
                on po1_0.id=po1_1.id) 
            on po1_0.id=ph1_0.policyOwner_id 
        left join
            (PolicyOwner po2_0 
        join
            users po2_1 
                on po2_0.id=po2_1.id) 
            on po2_0.id=ch1_1.policyOwner_id 
        left join
            (PolicyOwner po3_0 
        join
            users po3_1 
                on po3_0.id=po3_1.id) 
            on po3_0.id=ic1_0.policyOwner_id 
        where
            ic1_0.cardHolder_id=?
Hibernate: 
    select
        im1_0.id,
        im1_1.address,
        im1_1.email,
        im1_1.fullName,
        im1_1.password,
        im1_1.phone,
        im1_1.username 
    from
        InsuranceManager im1_0 
    join
        users im1_1 
            on im1_0.id=im1_1.id 
    where
        im1_0.id=?
Hibernate: 
    select
        ic1_0.cardNumber,
        ch1_0.id,
        case 
            when ch1_1.id is not null 
                then 3 
            when ch1_2.id is not null 
                then 4 
            when ch1_0.id is not null 
                then 2 
            when po2_0.id is not null 
                then 5 
            end,
            ch1_3.address,
            ch1_3.email,
            ch1_3.fullName,
            ch1_3.password,
            ch1_3.phone,
            ch1_3.username,
            ph1_0.id,
            ph1_1.address,
            ph1_1.email,
            ph1_1.fullName,
            ph1_1.password,
            ph1_1.phone,
            ph1_1.username,
            ph1_2.id,
            po1_0.id,
            po1_1.address,
            po1_1.email,
            po1_1.fullName,
            po1_1.password,
            po1_1.phone,
            po1_1.username,
            po1_0.fee,
            ch1_1.id,
            po2_0.id,
            po2_1.address,
            po2_1.email,
            po2_1.fullName,
            po2_1.password,
            po2_1.phone,
            po2_1.username,
            po2_0.fee,
            ic1_0.expireDate,
            po3_0.id,
            po3_1.address,
            po3_1.email,
            po3_1.fullName,
            po3_1.password,
            po3_1.phone,
            po3_1.username,
            po3_0.fee 
        from
            InsuranceCard ic1_0 
        left join
            (Beneficiary ch1_0 
        left join
            PolicyHolder ch1_1 
                on ch1_0.id=ch1_1.id 
        left join
            Dependant ch1_2 
                on ch1_0.id=ch1_2.id 
        join
            users ch1_3 
                on ch1_0.id=ch1_3.id) 
            on ch1_0.id=ic1_0.cardHolder_id 
        left join
            (PolicyHolder ph1_0 
        join
            users ph1_1 
                on ph1_0.id=ph1_1.id 
        join
            Beneficiary ph1_2 
                on ph1_0.id=ph1_2.id) 
            on ph1_0.id=ch1_2.policyHolder_id 
        left join
            (PolicyOwner po1_0 
        join
            users po1_1 
                on po1_0.id=po1_1.id) 
            on po1_0.id=ph1_0.policyOwner_id 
        left join
            (PolicyOwner po2_0 
        join
            users po2_1 
                on po2_0.id=po2_1.id) 
            on po2_0.id=ch1_1.policyOwner_id 
        left join
            (PolicyOwner po3_0 
        join
            users po3_1 
                on po3_0.id=po3_1.id) 
            on po3_0.id=ic1_0.policyOwner_id 
        where
            ic1_0.cardHolder_id=?
]]></system-out>
  </testcase>
  <testcase name="findByID" classname="org.example.repository.UserRepositoryTest" time="0.129">
    <system-out><![CDATA[Hibernate: 
    select
        u1_0.id,
        case 
            when u1_1.id is not null 
                then 3 
            when u1_2.id is not null 
                then 4 
            when u1_3.id is not null 
                then 1 
            when u1_4.id is not null 
                then 2 
            when u1_5.id is not null 
                then 5 
            when u1_6.id is not null 
                then 6 
            end,
            u1_0.address,
            u1_0.email,
            u1_0.fullName,
            u1_0.password,
            u1_0.phone,
            u1_0.username,
            u1_4.id,
            ic1_0.cardNumber,
            ic1_0.cardHolder_id,
            ic1_0.expireDate,
            po1_0.id,
            po1_1.address,
            po1_1.email,
            po1_1.fullName,
            po1_1.password,
            po1_1.phone,
            po1_1.username,
            po1_0.fee,
            ph1_0.id,
            ph1_1.address,
            ph1_1.email,
            ph1_1.fullName,
            ph1_1.password,
            ph1_1.phone,
            ph1_1.username,
            ph1_2.id,
            ic2_0.cardNumber,
            ic2_0.cardHolder_id,
            ic2_0.expireDate,
            po2_0.id,
            po2_1.address,
            po2_1.email,
            po2_1.fullName,
            po2_1.password,
            po2_1.phone,
            po2_1.username,
            po2_0.fee,
            po3_0.id,
            po3_1.address,
            po3_1.email,
            po3_1.fullName,
            po3_1.password,
            po3_1.phone,
            po3_1.username,
            po3_0.fee,
            u1_1.id,
            po4_0.id,
            po4_1.address,
            po4_1.email,
            po4_1.fullName,
            po4_1.password,
            po4_1.phone,
            po4_1.username,
            po4_0.fee,
            u1_5.fee,
            u1_5.id,
            u1_6.id,
            m1_0.id,
            m1_1.address,
            m1_1.email,
            m1_1.fullName,
            m1_1.password,
            m1_1.phone,
            m1_1.username,
            u1_3.id 
        from
            users u1_0 
        left join
            PolicyHolder u1_1 
                on u1_0.id=u1_1.id 
        left join
            Dependant u1_2 
                on u1_0.id=u1_2.id 
        left join
            InsuranceSurveyor u1_3 
                on u1_0.id=u1_3.id 
        left join
            Beneficiary u1_4 
                on u1_0.id=u1_4.id 
        left join
            PolicyOwner u1_5 
                on u1_0.id=u1_5.id 
        left join
            InsuranceManager u1_6 
                on u1_0.id=u1_6.id 
        left join
            InsuranceCard ic1_0 
                on u1_4.id=ic1_0.cardHolder_id 
        left join
            (PolicyOwner po1_0 
        join
            users po1_1 
                on po1_0.id=po1_1.id) 
            on po1_0.id=ic1_0.policyOwner_id 
        left join
            (PolicyHolder ph1_0 
        join
            users ph1_1 
                on ph1_0.id=ph1_1.id 
        join
            Beneficiary ph1_2 
                on ph1_0.id=ph1_2.id) 
            on ph1_0.id=u1_2.policyHolder_id 
        left join
            InsuranceCard ic2_0 
                on ph1_2.id=ic2_0.cardHolder_id 
        left join
            (PolicyOwner po2_0 
        join
            users po2_1 
                on po2_0.id=po2_1.id) 
            on po2_0.id=ic2_0.policyOwner_id 
        left join
            (PolicyOwner po3_0 
        join
            users po3_1 
                on po3_0.id=po3_1.id) 
            on po3_0.id=ph1_0.policyOwner_id 
        left join
            (PolicyOwner po4_0 
        join
            users po4_1 
                on po4_0.id=po4_1.id) 
            on po4_0.id=u1_1.policyOwner_id 
        left join
            (InsuranceManager m1_0 
        join
            users m1_1 
                on m1_0.id=m1_1.id) 
            on m1_0.id=u1_3.manager_id 
        where
            u1_0.id=?
]]></system-out>
  </testcase>
  <testcase name="findUser" classname="org.example.repository.UserRepositoryTest" time="0.193">
    <system-out><![CDATA[Hibernate: 
    select
        u1_0.id,
        case 
            when u1_3.id is not null 
                then 3 
            when u1_2.id is not null 
                then 4 
            when u1_6.id is not null 
                then 1 
            when u1_1.id is not null 
                then 2 
            when u1_4.id is not null 
                then 5 
            when u1_5.id is not null 
                then 6 
            end,
            u1_0.address,
            u1_0.email,
            u1_0.fullName,
            u1_0.password,
            u1_0.phone,
            u1_0.username,
            u1_1.id,
            u1_2.policyHolder_id,
            u1_3.id,
            u1_3.policyOwner_id,
            u1_4.fee,
            u1_4.id,
            u1_5.id,
            u1_6.manager_id,
            u1_6.id 
        from
            users u1_0 
        left join
            Beneficiary u1_1 
                on u1_0.id=u1_1.id 
        left join
            Dependant u1_2 
                on u1_0.id=u1_2.id 
        left join
            PolicyHolder u1_3 
                on u1_0.id=u1_3.id 
        left join
            PolicyOwner u1_4 
                on u1_0.id=u1_4.id 
        left join
            InsuranceManager u1_5 
                on u1_0.id=u1_5.id 
        left join
            InsuranceSurveyor u1_6 
                on u1_0.id=u1_6.id 
        where
            u1_0.username=? 
            and u1_0.password=?
Hibernate: 
    select
        ic1_0.cardNumber,
        ch1_0.id,
        case 
            when ch1_1.id is not null 
                then 3 
            when ch1_2.id is not null 
                then 4 
            when ch1_0.id is not null 
                then 2 
            when po2_0.id is not null 
                then 5 
            end,
            ch1_3.address,
            ch1_3.email,
            ch1_3.fullName,
            ch1_3.password,
            ch1_3.phone,
            ch1_3.username,
            ph1_0.id,
            ph1_1.address,
            ph1_1.email,
            ph1_1.fullName,
            ph1_1.password,
            ph1_1.phone,
            ph1_1.username,
            ph1_2.id,
            po1_0.id,
            po1_1.address,
            po1_1.email,
            po1_1.fullName,
            po1_1.password,
            po1_1.phone,
            po1_1.username,
            po1_0.fee,
            ch1_1.id,
            po2_0.id,
            po2_1.address,
            po2_1.email,
            po2_1.fullName,
            po2_1.password,
            po2_1.phone,
            po2_1.username,
            po2_0.fee,
            ic1_0.expireDate,
            po3_0.id,
            po3_1.address,
            po3_1.email,
            po3_1.fullName,
            po3_1.password,
            po3_1.phone,
            po3_1.username,
            po3_0.fee 
        from
            InsuranceCard ic1_0 
        left join
            (Beneficiary ch1_0 
        left join
            PolicyHolder ch1_1 
                on ch1_0.id=ch1_1.id 
        left join
            Dependant ch1_2 
                on ch1_0.id=ch1_2.id 
        join
            users ch1_3 
                on ch1_0.id=ch1_3.id) 
            on ch1_0.id=ic1_0.cardHolder_id 
        left join
            (PolicyHolder ph1_0 
        join
            users ph1_1 
                on ph1_0.id=ph1_1.id 
        join
            Beneficiary ph1_2 
                on ph1_0.id=ph1_2.id) 
            on ph1_0.id=ch1_2.policyHolder_id 
        left join
            (PolicyOwner po1_0 
        join
            users po1_1 
                on po1_0.id=po1_1.id) 
            on po1_0.id=ph1_0.policyOwner_id 
        left join
            (PolicyOwner po2_0 
        join
            users po2_1 
                on po2_0.id=po2_1.id) 
            on po2_0.id=ch1_1.policyOwner_id 
        left join
            (PolicyOwner po3_0 
        join
            users po3_1 
                on po3_0.id=po3_1.id) 
            on po3_0.id=ic1_0.policyOwner_id 
        where
            ic1_0.cardHolder_id=?
]]></system-out>
  </testcase>
</testsuite>