<?xml version="1.0" encoding="UTF-8"?>
<testsuite xmlns:xsi="http://www.w3.org/2001/XMLSchema-instance" xsi:noNamespaceSchemaLocation="https://maven.apache.org/surefire/maven-surefire-plugin/xsd/surefire-test-report-3.0.xsd" version="3.0" name="org.example.repository.RequestRepositoryTest" time="0.287" tests="2" errors="0" skipped="0" failures="0">
  <properties>
[...]
</properties>
  <testcase name="getAll" classname="org.example.repository.RequestRepositoryTest" time="0.157">
    <system-out><![CDATA[Hibernate: 
    select
        r1_0.id,
        b1_0.id,
        case 
            when b1_3.id is not null 
                then 3 
            when b1_2.id is not null 
                then 4 
            when b1_0.id is not null 
                then 2 
            when po2_0.id is not null 
                then 5 
            end,
            b1_1.address,
            b1_1.email,
            b1_1.fullName,
            b1_1.password,
            b1_1.phone,
            b1_1.username,
            ic1_0.cardNumber,
            ic1_0.expireDate,
            po1_0.id,
            po1_1.address,
            po1_1.email,
            po1_1.fullName,
            po1_1.password,
            po1_1.phone,
            po1_1.username,
            po1_0.fee,
            b1_2.policyHolder_id,
            b1_3.id,
            b1_3.policyOwner_id,
            c1_0.id,
            c1_0.bankingInfo,
            c1_0.cardNumber,
            c1_0.claimAmount,
            c1_0.claimDate,
            c1_0.examDate,
            c1_0.insuredPerson_id,
            p1_0.id,
            p1_0.insuranceManager_id,
            p1_0.insuranceSurveyor_id,
            p1_0.message,
            c1_0.status,
            is1_0.id,
            is1_1.address,
            is1_1.email,
            is1_1.fullName,
            is1_1.password,
            is1_1.phone,
            is1_1.username,
            m1_0.id,
            m1_1.address,
            m1_1.email,
            m1_1.fullName,
            m1_1.password,
            m1_1.phone,
            m1_1.username,
            r1_0.message 
        from
            Request r1_0 
        join
            (InsuranceSurveyor is1_0 
        join
            users is1_1 
                on is1_0.id=is1_1.id) 
            on is1_0.id=r1_0.insuranceSurveyor_id 
        join
            (InsuranceManager m1_0 
        join
            users m1_1 
                on m1_0.id=m1_1.id) 
            on m1_0.id=is1_0.manager_id 
        join
            (Beneficiary b1_0 
        join
            users b1_1 
                on b1_0.id=b1_1.id 
        left join
            Dependant b1_2 
                on b1_0.id=b1_2.id 
        left join
            PolicyHolder b1_3 
                on b1_0.id=b1_3.id) 
            on b1_0.id=r1_0.beneficiary_id 
        join
            InsuranceCard ic1_0 
                on b1_0.id=ic1_0.cardHolder_id 
        join
            (PolicyOwner po1_0 
        join
            users po1_1 
                on po1_0.id=po1_1.id) 
            on po1_0.id=ic1_0.policyOwner_id 
        left join
            PolicyHolder ph1_0 
                on ph1_0.id=b1_2.policyHolder_id 
        left join
            PolicyOwner po2_0 
                on po2_0.id=b1_3.policyOwner_id 
        join
            Claim c1_0 
                on c1_0.id=r1_0.claim_id 
        join
            Proposal p1_0 
                on c1_0.id=p1_0.claim_id
]]></system-out>
  </testcase>
  <testcase name="findByID" classname="org.example.repository.RequestRepositoryTest" time="0.126">
    <system-out><![CDATA[Hibernate: 
    select
        r1_0.id,
        b1_0.id,
        case 
            when b1_1.id is not null 
                then 3 
            when b1_2.id is not null 
                then 4 
            when b1_0.id is not null 
                then 2 
            when po4_0.id is not null 
                then 5 
            end,
            b1_3.address,
            b1_3.email,
            b1_3.fullName,
            b1_3.password,
            b1_3.phone,
            b1_3.username,
            ic1_0.cardNumber,
            ic1_0.expireDate,
            po1_0.id,
            po1_1.address,
            po1_1.email,
            po1_1.fullName,
            po1_1.password,
            po1_1.phone,
            po1_1.username,
            po1_0.fee,
            ph1_0.id,
            ph1_1.address,
            ph1_1.email,
            ph1_1.fullName,
            ph1_1.password,
            ph1_1.phone,
            ph1_1.username,
            ph1_2.id,
            ic2_0.cardNumber,
            ic2_0.cardHolder_id,
            ic2_0.expireDate,
            po2_0.id,
            po2_1.address,
            po2_1.email,
            po2_1.fullName,
            po2_1.password,
            po2_1.phone,
            po2_1.username,
            po2_0.fee,
            po3_0.id,
            po3_1.address,
            po3_1.email,
            po3_1.fullName,
            po3_1.password,
            po3_1.phone,
            po3_1.username,
            po3_0.fee,
            b1_1.id,
            po4_0.id,
            po4_1.address,
            po4_1.email,
            po4_1.fullName,
            po4_1.password,
            po4_1.phone,
            po4_1.username,
            po4_0.fee,
            c1_0.id,
            c1_0.bankingInfo,
            c1_0.cardNumber,
            c1_0.claimAmount,
            c1_0.claimDate,
            c1_0.examDate,
            c1_0.insuredPerson_id,
            p1_0.id,
            im1_0.id,
            im1_1.address,
            im1_1.email,
            im1_1.fullName,
            im1_1.password,
            im1_1.phone,
            im1_1.username,
            is1_0.id,
            is1_1.address,
            is1_1.email,
            is1_1.fullName,
            is1_1.password,
            is1_1.phone,
            is1_1.username,
            m1_0.id,
            m1_1.address,
            m1_1.email,
            m1_1.fullName,
            m1_1.password,
            m1_1.phone,
            m1_1.username,
            p1_0.message,
            c1_0.status,
            is2_0.id,
            is2_1.address,
            is2_1.email,
            is2_1.fullName,
            is2_1.password,
            is2_1.phone,
            is2_1.username,
            m2_0.id,
            m2_1.address,
            m2_1.email,
            m2_1.fullName,
            m2_1.password,
            m2_1.phone,
            m2_1.username,
            r1_0.message 
        from
            Request r1_0 
        left join
            (Beneficiary b1_0 
        left join
            PolicyHolder b1_1 
                on b1_0.id=b1_1.id 
        left join
            Dependant b1_2 
                on b1_0.id=b1_2.id 
        join
            users b1_3 
                on b1_0.id=b1_3.id) 
            on b1_0.id=r1_0.beneficiary_id 
        left join
            InsuranceCard ic1_0 
                on b1_0.id=ic1_0.cardHolder_id 
        left join
            (PolicyOwner po1_0 
        join
            users po1_1 
                on po1_0.id=po1_1.id) 
            on po1_0.id=ic1_0.policyOwner_id 
        left join
            (PolicyHolder ph1_0 
        join
            users ph1_1 
                on ph1_0.id=ph1_1.id 
        join
            Beneficiary ph1_2 
                on ph1_0.id=ph1_2.id) 
            on ph1_0.id=b1_2.policyHolder_id 
        left join
            InsuranceCard ic2_0 
                on ph1_2.id=ic2_0.cardHolder_id 
        left join
            (PolicyOwner po2_0 
        join
            users po2_1 
                on po2_0.id=po2_1.id) 
            on po2_0.id=ic2_0.policyOwner_id 
        left join
            (PolicyOwner po3_0 
        join
            users po3_1 
                on po3_0.id=po3_1.id) 
            on po3_0.id=ph1_0.policyOwner_id 
        left join
            (PolicyOwner po4_0 
        join
            users po4_1 
                on po4_0.id=po4_1.id) 
            on po4_0.id=b1_1.policyOwner_id 
        left join
            Claim c1_0 
                on c1_0.id=r1_0.claim_id 
        left join
            Proposal p1_0 
                on c1_0.id=p1_0.claim_id 
        left join
            (InsuranceManager im1_0 
        join
            users im1_1 
                on im1_0.id=im1_1.id) 
            on im1_0.id=p1_0.insuranceManager_id 
        left join
            (InsuranceSurveyor is1_0 
        join
            users is1_1 
                on is1_0.id=is1_1.id) 
            on is1_0.id=p1_0.insuranceSurveyor_id 
        left join
            (InsuranceManager m1_0 
        join
            users m1_1 
                on m1_0.id=m1_1.id) 
            on m1_0.id=is1_0.manager_id 
        left join
            (InsuranceSurveyor is2_0 
        join
            users is2_1 
                on is2_0.id=is2_1.id) 
            on is2_0.id=r1_0.insuranceSurveyor_id 
        left join
            (InsuranceManager m2_0 
        join
            users m2_1 
                on m2_0.id=m2_1.id) 
            on m2_0.id=is2_0.manager_id 
        where
            r1_0.id=?
]]></system-out>
  </testcase>
</testsuite>